2025-11-05T10:00:42.417-0600 [DEBUG] [org.gradle.launcher.daemon.bootstrap.DaemonMain] Assuming the daemon was started with following jvm opts: [-Xmx2048m, -Dfile.encoding=UTF-8, -Duser.country=MX, -Duser.language=es, -Duser.variant]
2025-11-05T10:00:42.617-0600 [DEBUG] [org.gradle.internal.nativeintegration.services.NativeServices] Native-platform posix files integration is not available. Continuing with fallback.
2025-11-05T10:00:42.645-0600 [INFO] [org.gradle.launcher.daemon.server.Daemon] start() called on daemon - DefaultDaemonContext[uid=26074454-d94d-4558-b6c0-25c46054b361,javaHome=C:\Program Files\Android\Android Studio\jbr,javaVersion=21,javaVendor=JetBrains s.r.o.,daemonRegistryDir=C:\Users\G-Angel\AndroidStudioProjects\ventaTicketsTaxis\app\src\main\daemon,pid=19616,idleTimeout=10800000,priority=NORMAL,applyInstrumentationAgent=true,nativeServicesMode=ENABLED,daemonOpts=-Xmx2048m,-Dfile.encoding=UTF-8,-Duser.country=MX,-Duser.language=es,-Duser.variant]
2025-11-05T10:00:42.728-0600 [DEBUG] [org.gradle.internal.remote.internal.inet.InetAddresses] Adding IP addresses for network interface VirtualBox Host-Only Ethernet Adapter-WFP Native MAC Layer LightWeight Filter-0000
2025-11-05T10:00:42.728-0600 [DEBUG] [org.gradle.internal.remote.internal.inet.InetAddresses] Is this a loopback interface? false
2025-11-05T10:00:42.728-0600 [DEBUG] [org.gradle.internal.remote.internal.inet.InetAddresses] Adding IP addresses for network interface VirtualBox Host-Only Ethernet Adapter-QoS Packet Scheduler-0000
2025-11-05T10:00:42.728-0600 [DEBUG] [org.gradle.internal.remote.internal.inet.InetAddresses] Is this a loopback interface? false
2025-11-05T10:00:42.729-0600 [DEBUG] [org.gradle.internal.remote.internal.inet.InetAddresses] Adding IP addresses for network interface VirtualBox Host-Only Ethernet Adapter-WFP 802.3 MAC Layer LightWeight Filter-0000
2025-11-05T10:00:42.729-0600 [DEBUG] [org.gradle.internal.remote.internal.inet.InetAddresses] Is this a loopback interface? false
2025-11-05T10:00:42.729-0600 [DEBUG] [org.gradle.internal.remote.internal.inet.InetAddresses] Adding IP addresses for network interface Intel(R) Ethernet Connection (16) I219-LM-WFP Native MAC Layer LightWeight Filter-0000
2025-11-05T10:00:42.729-0600 [DEBUG] [org.gradle.internal.remote.internal.inet.InetAddresses] Is this a loopback interface? false
2025-11-05T10:00:42.729-0600 [DEBUG] [org.gradle.internal.remote.internal.inet.InetAddresses] Adding IP addresses for network interface Intel(R) Ethernet Connection (16) I219-LM-VirtualBox NDIS Light-Weight Filter-0000
2025-11-05T10:00:42.729-0600 [DEBUG] [org.gradle.internal.remote.internal.inet.InetAddresses] Is this a loopback interface? false
2025-11-05T10:00:42.730-0600 [DEBUG] [org.gradle.internal.remote.internal.inet.InetAddresses] Adding IP addresses for network interface Intel(R) Ethernet Connection (16) I219-LM-VirtualBox NDIS Light-Weight Filter-0000
2025-11-05T10:00:42.730-0600 [DEBUG] [org.gradle.internal.remote.internal.inet.InetAddresses] Is this a loopback interface? false
2025-11-05T10:00:42.730-0600 [DEBUG] [org.gradle.internal.remote.internal.inet.InetAddresses] Adding IP addresses for network interface Intel(R) Ethernet Connection (16) I219-LM-QoS Packet Scheduler-0000
2025-11-05T10:00:42.730-0600 [DEBUG] [org.gradle.internal.remote.internal.inet.InetAddresses] Is this a loopback interface? false
2025-11-05T10:00:42.730-0600 [DEBUG] [org.gradle.internal.remote.internal.inet.InetAddresses] Adding IP addresses for network interface Intel(R) Ethernet Connection (16) I219-LM-WFP 802.3 MAC Layer LightWeight Filter-0000
2025-11-05T10:00:42.731-0600 [DEBUG] [org.gradle.internal.remote.internal.inet.InetAddresses] Is this a loopback interface? false
2025-11-05T10:00:42.731-0600 [DEBUG] [org.gradle.internal.remote.internal.inet.InetAddresses] Adding IP addresses for network interface WAN Miniport (IP)-WFP Native MAC Layer LightWeight Filter-0000
2025-11-05T10:00:42.731-0600 [DEBUG] [org.gradle.internal.remote.internal.inet.InetAddresses] Is this a loopback interface? false
2025-11-05T10:00:42.731-0600 [DEBUG] [org.gradle.internal.remote.internal.inet.InetAddresses] Adding IP addresses for network interface WAN Miniport (IP)-QoS Packet Scheduler-0000
2025-11-05T10:00:42.731-0600 [DEBUG] [org.gradle.internal.remote.internal.inet.InetAddresses] Is this a loopback interface? false
2025-11-05T10:00:42.731-0600 [DEBUG] [org.gradle.internal.remote.internal.inet.InetAddresses] Adding IP addresses for network interface WAN Miniport (IPv6)-WFP Native MAC Layer LightWeight Filter-0000
2025-11-05T10:00:42.731-0600 [DEBUG] [org.gradle.internal.remote.internal.inet.InetAddresses] Is this a loopback interface? false
2025-11-05T10:00:42.732-0600 [DEBUG] [org.gradle.internal.remote.internal.inet.InetAddresses] Adding IP addresses for network interface WAN Miniport (IPv6)-QoS Packet Scheduler-0000
2025-11-05T10:00:42.732-0600 [DEBUG] [org.gradle.internal.remote.internal.inet.InetAddresses] Is this a loopback interface? false
2025-11-05T10:00:42.732-0600 [DEBUG] [org.gradle.internal.remote.internal.inet.InetAddresses] Adding IP addresses for network interface WAN Miniport (Network Monitor)-WFP Native MAC Layer LightWeight Filter-0000
2025-11-05T10:00:42.732-0600 [DEBUG] [org.gradle.internal.remote.internal.inet.InetAddresses] Is this a loopback interface? false
2025-11-05T10:00:42.732-0600 [DEBUG] [org.gradle.internal.remote.internal.inet.InetAddresses] Adding IP addresses for network interface WAN Miniport (Network Monitor)-QoS Packet Scheduler-0000
2025-11-05T10:00:42.732-0600 [DEBUG] [org.gradle.internal.remote.internal.inet.InetAddresses] Is this a loopback interface? false
2025-11-05T10:00:42.732-0600 [DEBUG] [org.gradle.internal.remote.internal.inet.InetAddresses] Adding IP addresses for network interface Microsoft Kernel Debug Network Adapter
2025-11-05T10:00:42.732-0600 [DEBUG] [org.gradle.internal.remote.internal.inet.InetAddresses] Is this a loopback interface? false
2025-11-05T10:00:42.733-0600 [DEBUG] [org.gradle.internal.remote.internal.inet.InetAddresses] Adding IP addresses for network interface Intel(R) Ethernet Connection (16) I219-LM
2025-11-05T10:00:42.733-0600 [DEBUG] [org.gradle.internal.remote.internal.inet.InetAddresses] Is this a loopback interface? false
2025-11-05T10:00:42.733-0600 [DEBUG] [org.gradle.internal.remote.internal.inet.InetAddresses] Adding remote address /fe80:0:0:0:7ed8:5b3b:ce95:e969%ethernet_32769
2025-11-05T10:00:42.733-0600 [DEBUG] [org.gradle.internal.remote.internal.inet.InetAddresses] Adding remote address /192.168.0.196
2025-11-05T10:00:42.734-0600 [DEBUG] [org.gradle.internal.remote.internal.inet.InetAddresses] Adding IP addresses for network interface VirtualBox Host-Only Ethernet Adapter
2025-11-05T10:00:42.734-0600 [DEBUG] [org.gradle.internal.remote.internal.inet.InetAddresses] Is this a loopback interface? false
2025-11-05T10:00:42.734-0600 [DEBUG] [org.gradle.internal.remote.internal.inet.InetAddresses] Adding remote address /fe80:0:0:0:9910:2ae4:66f1:7a8d%ethernet_32770
2025-11-05T10:00:42.734-0600 [DEBUG] [org.gradle.internal.remote.internal.inet.InetAddresses] Adding remote address /169.254.156.252
2025-11-05T10:00:42.735-0600 [DEBUG] [org.gradle.internal.remote.internal.inet.InetAddresses] Adding IP addresses for network interface WAN Miniport (IP)
2025-11-05T10:00:42.735-0600 [DEBUG] [org.gradle.internal.remote.internal.inet.InetAddresses] Is this a loopback interface? false
2025-11-05T10:00:42.736-0600 [DEBUG] [org.gradle.internal.remote.internal.inet.InetAddresses] Adding IP addresses for network interface WAN Miniport (IPv6)
2025-11-05T10:00:42.736-0600 [DEBUG] [org.gradle.internal.remote.internal.inet.InetAddresses] Is this a loopback interface? false
2025-11-05T10:00:42.737-0600 [DEBUG] [org.gradle.internal.remote.internal.inet.InetAddresses] Adding IP addresses for network interface WAN Miniport (Network Monitor)
2025-11-05T10:00:42.737-0600 [DEBUG] [org.gradle.internal.remote.internal.inet.InetAddresses] Is this a loopback interface? false
2025-11-05T10:00:42.738-0600 [DEBUG] [org.gradle.internal.remote.internal.inet.InetAddresses] Adding IP addresses for network interface Bluetooth Device (Personal Area Network)
2025-11-05T10:00:42.742-0600 [DEBUG] [org.gradle.internal.remote.internal.inet.InetAddresses] Is this a loopback interface? false
2025-11-05T10:00:42.743-0600 [DEBUG] [org.gradle.internal.remote.internal.inet.InetAddresses] Adding IP addresses for network interface WAN Miniport (PPPOE)
2025-11-05T10:00:42.743-0600 [DEBUG] [org.gradle.internal.remote.internal.inet.InetAddresses] Is this a loopback interface? false
2025-11-05T10:00:42.743-0600 [DEBUG] [org.gradle.internal.remote.internal.inet.InetAddresses] Adding IP addresses for network interface Software Loopback Interface 1
2025-11-05T10:00:42.743-0600 [DEBUG] [org.gradle.internal.remote.internal.inet.InetAddresses] Is this a loopback interface? true
2025-11-05T10:00:42.743-0600 [DEBUG] [org.gradle.internal.remote.internal.inet.InetAddresses] Adding loopback address /0:0:0:0:0:0:0:1
2025-11-05T10:00:42.743-0600 [DEBUG] [org.gradle.internal.remote.internal.inet.InetAddresses] Adding loopback address /127.0.0.1
2025-11-05T10:00:42.743-0600 [DEBUG] [org.gradle.internal.remote.internal.inet.InetAddresses] Adding IP addresses for network interface Intel(R) Wi-Fi 6E AX211 160MHz-WFP Native MAC Layer LightWeight Filter-0000
2025-11-05T10:00:42.744-0600 [DEBUG] [org.gradle.internal.remote.internal.inet.InetAddresses] Is this a loopback interface? false
2025-11-05T10:00:42.744-0600 [DEBUG] [org.gradle.internal.remote.internal.inet.InetAddresses] Adding IP addresses for network interface Intel(R) Wi-Fi 6E AX211 160MHz-Virtual WiFi Filter Driver-0000
2025-11-05T10:00:42.744-0600 [DEBUG] [org.gradle.internal.remote.internal.inet.InetAddresses] Is this a loopback interface? false
2025-11-05T10:00:42.744-0600 [DEBUG] [org.gradle.internal.remote.internal.inet.InetAddresses] Adding IP addresses for network interface Intel(R) Wi-Fi 6E AX211 160MHz-Native WiFi Filter Driver-0000
2025-11-05T10:00:42.744-0600 [DEBUG] [org.gradle.internal.remote.internal.inet.InetAddresses] Is this a loopback interface? false
2025-11-05T10:00:42.745-0600 [DEBUG] [org.gradle.internal.remote.internal.inet.InetAddresses] Adding IP addresses for network interface Intel(R) Wi-Fi 6E AX211 160MHz-VirtualBox NDIS Light-Weight Filter-0000
2025-11-05T10:00:42.745-0600 [DEBUG] [org.gradle.internal.remote.internal.inet.InetAddresses] Is this a loopback interface? false
2025-11-05T10:00:42.745-0600 [DEBUG] [org.gradle.internal.remote.internal.inet.InetAddresses] Adding IP addresses for network interface Intel(R) Wi-Fi 6E AX211 160MHz-VirtualBox NDIS Light-Weight Filter-0000
2025-11-05T10:00:42.745-0600 [DEBUG] [org.gradle.internal.remote.internal.inet.InetAddresses] Is this a loopback interface? false
2025-11-05T10:00:42.746-0600 [DEBUG] [org.gradle.internal.remote.internal.inet.InetAddresses] Adding IP addresses for network interface Intel(R) Wi-Fi 6E AX211 160MHz-QoS Packet Scheduler-0000
2025-11-05T10:00:42.746-0600 [DEBUG] [org.gradle.internal.remote.internal.inet.InetAddresses] Is this a loopback interface? false
2025-11-05T10:00:42.746-0600 [DEBUG] [org.gradle.internal.remote.internal.inet.InetAddresses] Adding IP addresses for network interface Intel(R) Wi-Fi 6E AX211 160MHz-WFP 802.3 MAC Layer LightWeight Filter-0000
2025-11-05T10:00:42.746-0600 [DEBUG] [org.gradle.internal.remote.internal.inet.InetAddresses] Is this a loopback interface? false
2025-11-05T10:00:42.746-0600 [DEBUG] [org.gradle.internal.remote.internal.inet.InetAddresses] Adding IP addresses for network interface Microsoft Wi-Fi Direct Virtual Adapter #4-WFP Native MAC Layer LightWeight Filter-0000
2025-11-05T10:00:42.746-0600 [DEBUG] [org.gradle.internal.remote.internal.inet.InetAddresses] Is this a loopback interface? false
2025-11-05T10:00:42.746-0600 [DEBUG] [org.gradle.internal.remote.internal.inet.InetAddresses] Adding IP addresses for network interface Microsoft Wi-Fi Direct Virtual Adapter #3-WFP Native MAC Layer LightWeight Filter-0000
2025-11-05T10:00:42.746-0600 [DEBUG] [org.gradle.internal.remote.internal.inet.InetAddresses] Is this a loopback interface? false
2025-11-05T10:00:42.747-0600 [DEBUG] [org.gradle.internal.remote.internal.inet.InetAddresses] Adding IP addresses for network interface Microsoft Wi-Fi Direct Virtual Adapter #3-Native WiFi Filter Driver-0000
2025-11-05T10:00:42.747-0600 [DEBUG] [org.gradle.internal.remote.internal.inet.InetAddresses] Is this a loopback interface? false
2025-11-05T10:00:42.747-0600 [DEBUG] [org.gradle.internal.remote.internal.inet.InetAddresses] Adding IP addresses for network interface Microsoft Wi-Fi Direct Virtual Adapter #3-VirtualBox NDIS Light-Weight Filter-0000
2025-11-05T10:00:42.747-0600 [DEBUG] [org.gradle.internal.remote.internal.inet.InetAddresses] Is this a loopback interface? false
2025-11-05T10:00:42.748-0600 [DEBUG] [org.gradle.internal.remote.internal.inet.InetAddresses] Adding IP addresses for network interface Microsoft Wi-Fi Direct Virtual Adapter #3-VirtualBox NDIS Light-Weight Filter-0000
2025-11-05T10:00:42.748-0600 [DEBUG] [org.gradle.internal.remote.internal.inet.InetAddresses] Is this a loopback interface? false
2025-11-05T10:00:42.748-0600 [DEBUG] [org.gradle.internal.remote.internal.inet.InetAddresses] Adding IP addresses for network interface Microsoft Wi-Fi Direct Virtual Adapter #3-QoS Packet Scheduler-0000
2025-11-05T10:00:42.748-0600 [DEBUG] [org.gradle.internal.remote.internal.inet.InetAddresses] Is this a loopback interface? false
2025-11-05T10:00:42.748-0600 [DEBUG] [org.gradle.internal.remote.internal.inet.InetAddresses] Adding IP addresses for network interface Microsoft Wi-Fi Direct Virtual Adapter #3-WFP 802.3 MAC Layer LightWeight Filter-0000
2025-11-05T10:00:42.748-0600 [DEBUG] [org.gradle.internal.remote.internal.inet.InetAddresses] Is this a loopback interface? false
2025-11-05T10:00:42.749-0600 [DEBUG] [org.gradle.internal.remote.internal.inet.InetAddresses] Adding IP addresses for network interface Microsoft Wi-Fi Direct Virtual Adapter #4-Native WiFi Filter Driver-0000
2025-11-05T10:00:42.749-0600 [DEBUG] [org.gradle.internal.remote.internal.inet.InetAddresses] Is this a loopback interface? false
2025-11-05T10:00:42.749-0600 [DEBUG] [org.gradle.internal.remote.internal.inet.InetAddresses] Adding IP addresses for network interface Microsoft Wi-Fi Direct Virtual Adapter #4-VirtualBox NDIS Light-Weight Filter-0000
2025-11-05T10:00:42.749-0600 [DEBUG] [org.gradle.internal.remote.internal.inet.InetAddresses] Is this a loopback interface? false
2025-11-05T10:00:42.750-0600 [DEBUG] [org.gradle.internal.remote.internal.inet.InetAddresses] Adding IP addresses for network interface Microsoft Wi-Fi Direct Virtual Adapter #4-VirtualBox NDIS Light-Weight Filter-0000
2025-11-05T10:00:42.750-0600 [DEBUG] [org.gradle.internal.remote.internal.inet.InetAddresses] Is this a loopback interface? false
2025-11-05T10:00:42.750-0600 [DEBUG] [org.gradle.internal.remote.internal.inet.InetAddresses] Adding IP addresses for network interface Microsoft Wi-Fi Direct Virtual Adapter #4-QoS Packet Scheduler-0000
2025-11-05T10:00:42.750-0600 [DEBUG] [org.gradle.internal.remote.internal.inet.InetAddresses] Is this a loopback interface? false
2025-11-05T10:00:42.750-0600 [DEBUG] [org.gradle.internal.remote.internal.inet.InetAddresses] Adding IP addresses for network interface Microsoft Wi-Fi Direct Virtual Adapter #4-WFP 802.3 MAC Layer LightWeight Filter-0000
2025-11-05T10:00:42.751-0600 [DEBUG] [org.gradle.internal.remote.internal.inet.InetAddresses] Is this a loopback interface? false
2025-11-05T10:00:42.751-0600 [DEBUG] [org.gradle.internal.remote.internal.inet.InetAddresses] Adding IP addresses for network interface Intel(R) Wi-Fi 6E AX211 160MHz
2025-11-05T10:00:42.751-0600 [DEBUG] [org.gradle.internal.remote.internal.inet.InetAddresses] Is this a loopback interface? false
2025-11-05T10:00:42.751-0600 [DEBUG] [org.gradle.internal.remote.internal.inet.InetAddresses] Adding remote address /fe80:0:0:0:439f:9bb4:7785:ef8%wireless_32768
2025-11-05T10:00:42.751-0600 [DEBUG] [org.gradle.internal.remote.internal.inet.InetAddresses] Adding remote address /2806:103e:2f:30ba:aa89:9c4b:8fc7:1c8f
2025-11-05T10:00:42.751-0600 [DEBUG] [org.gradle.internal.remote.internal.inet.InetAddresses] Adding remote address /2806:103e:2f:30ba:4ce7:3ee9:61f8:6b07
2025-11-05T10:00:42.751-0600 [DEBUG] [org.gradle.internal.remote.internal.inet.InetAddresses] Adding remote address /192.168.1.74
2025-11-05T10:00:42.751-0600 [DEBUG] [org.gradle.internal.remote.internal.inet.InetAddresses] Adding IP addresses for network interface Microsoft Wi-Fi Direct Virtual Adapter
2025-11-05T10:00:42.751-0600 [DEBUG] [org.gradle.internal.remote.internal.inet.InetAddresses] Is this a loopback interface? false
2025-11-05T10:00:42.751-0600 [DEBUG] [org.gradle.internal.remote.internal.inet.InetAddresses] Adding IP addresses for network interface Microsoft Wi-Fi Direct Virtual Adapter #2
2025-11-05T10:00:42.752-0600 [DEBUG] [org.gradle.internal.remote.internal.inet.InetAddresses] Is this a loopback interface? false
2025-11-05T10:00:42.752-0600 [DEBUG] [org.gradle.internal.remote.internal.inet.InetAddresses] Adding IP addresses for network interface Microsoft Wi-Fi Direct Virtual Adapter #3
2025-11-05T10:00:42.752-0600 [DEBUG] [org.gradle.internal.remote.internal.inet.InetAddresses] Is this a loopback interface? false
2025-11-05T10:00:42.752-0600 [DEBUG] [org.gradle.internal.remote.internal.inet.InetAddresses] Adding remote address /fe80:0:0:0:ece4:8069:d482:11ab%wireless_32771
2025-11-05T10:00:42.752-0600 [DEBUG] [org.gradle.internal.remote.internal.inet.InetAddresses] Adding IP addresses for network interface Microsoft Wi-Fi Direct Virtual Adapter #4
2025-11-05T10:00:42.753-0600 [DEBUG] [org.gradle.internal.remote.internal.inet.InetAddresses] Is this a loopback interface? false
2025-11-05T10:00:42.753-0600 [DEBUG] [org.gradle.internal.remote.internal.inet.InetAddresses] Adding remote address /fe80:0:0:0:4863:d187:d41f:ac02%wireless_32772
2025-11-05T10:00:42.754-0600 [DEBUG] [org.gradle.internal.remote.internal.inet.InetAddresses] Adding IP addresses for network interface Microsoft Teredo Tunneling Adapter
2025-11-05T10:00:42.755-0600 [DEBUG] [org.gradle.internal.remote.internal.inet.InetAddresses] Is this a loopback interface? false
2025-11-05T10:00:42.755-0600 [DEBUG] [org.gradle.internal.remote.internal.inet.InetAddresses] Adding IP addresses for network interface Microsoft IP-HTTPS Platform Adapter
2025-11-05T10:00:42.755-0600 [DEBUG] [org.gradle.internal.remote.internal.inet.InetAddresses] Is this a loopback interface? false
2025-11-05T10:00:42.756-0600 [DEBUG] [org.gradle.internal.remote.internal.inet.InetAddresses] Adding IP addresses for network interface Microsoft 6to4 Adapter
2025-11-05T10:00:42.756-0600 [DEBUG] [org.gradle.internal.remote.internal.inet.InetAddresses] Is this a loopback interface? false
2025-11-05T10:00:42.756-0600 [DEBUG] [org.gradle.internal.remote.internal.inet.InetAddresses] Adding IP addresses for network interface WAN Miniport (SSTP)
2025-11-05T10:00:42.756-0600 [DEBUG] [org.gradle.internal.remote.internal.inet.InetAddresses] Is this a loopback interface? false
2025-11-05T10:00:42.757-0600 [DEBUG] [org.gradle.internal.remote.internal.inet.InetAddresses] Adding IP addresses for network interface WAN Miniport (IKEv2)
2025-11-05T10:00:42.757-0600 [DEBUG] [org.gradle.internal.remote.internal.inet.InetAddresses] Is this a loopback interface? false
2025-11-05T10:00:42.757-0600 [DEBUG] [org.gradle.internal.remote.internal.inet.InetAddresses] Adding IP addresses for network interface WAN Miniport (L2TP)
2025-11-05T10:00:42.757-0600 [DEBUG] [org.gradle.internal.remote.internal.inet.InetAddresses] Is this a loopback interface? false
2025-11-05T10:00:42.757-0600 [DEBUG] [org.gradle.internal.remote.internal.inet.InetAddresses] Adding IP addresses for network interface WAN Miniport (PPTP)
2025-11-05T10:00:42.757-0600 [DEBUG] [org.gradle.internal.remote.internal.inet.InetAddresses] Is this a loopback interface? false
2025-11-05T10:00:42.760-0600 [DEBUG] [org.gradle.internal.remote.internal.inet.TcpIncomingConnector] Listening on [3427d0e8-477b-48e7-aded-91d015581548 port:53359, addresses:[localhost/127.0.0.1]].
2025-11-05T10:00:42.765-0600 [DEBUG] [org.gradle.launcher.daemon.server.Daemon] Daemon starting at: Wed Nov 05 10:00:42 CST 2025, with address: [3427d0e8-477b-48e7-aded-91d015581548 port:53359, addresses:[localhost/127.0.0.1]]
2025-11-05T10:00:42.766-0600 [INFO] [org.gradle.launcher.daemon.server.DaemonRegistryUpdater] Advertising the daemon address to the clients: [3427d0e8-477b-48e7-aded-91d015581548 port:53359, addresses:[localhost/127.0.0.1]]
2025-11-05T10:00:42.766-0600 [DEBUG] [org.gradle.launcher.daemon.server.DaemonRegistryUpdater] Advertised daemon context: DefaultDaemonContext[uid=26074454-d94d-4558-b6c0-25c46054b361,javaHome=C:\Program Files\Android\Android Studio\jbr,javaVersion=21,javaVendor=JetBrains s.r.o.,daemonRegistryDir=C:\Users\G-Angel\AndroidStudioProjects\ventaTicketsTaxis\app\src\main\daemon,pid=19616,idleTimeout=10800000,priority=NORMAL,applyInstrumentationAgent=true,nativeServicesMode=ENABLED,daemonOpts=-Xmx2048m,-Dfile.encoding=UTF-8,-Duser.country=MX,-Duser.language=es,-Duser.variant]
2025-11-05T10:00:42.766-0600 [DEBUG] [org.gradle.launcher.daemon.registry.PersistentDaemonRegistry] Storing daemon address: [3427d0e8-477b-48e7-aded-91d015581548 port:53359, addresses:[localhost/127.0.0.1]], context: DefaultDaemonContext[uid=26074454-d94d-4558-b6c0-25c46054b361,javaHome=C:\Program Files\Android\Android Studio\jbr,javaVersion=21,javaVendor=JetBrains s.r.o.,daemonRegistryDir=C:\Users\G-Angel\AndroidStudioProjects\ventaTicketsTaxis\app\src\main\daemon,pid=19616,idleTimeout=10800000,priority=NORMAL,applyInstrumentationAgent=true,nativeServicesMode=ENABLED,daemonOpts=-Xmx2048m,-Dfile.encoding=UTF-8,-Duser.country=MX,-Duser.language=es,-Duser.variant]
2025-11-05T10:00:42.782-0600 [DEBUG] [org.gradle.cache.internal.DefaultFileLockManager] Waiting to acquire exclusive lock on daemon addresses registry.
2025-11-05T10:00:42.785-0600 [DEBUG] [org.gradle.cache.internal.DefaultFileLockManager] Lock acquired on daemon addresses registry.
2025-11-05T10:00:42.794-0600 [DEBUG] [org.gradle.cache.internal.DefaultFileLockManager] Releasing lock on daemon addresses registry.
2025-11-05T10:00:42.795-0600 [LIFECYCLE] [org.gradle.launcher.daemon.server.Daemon] Daemon server started.
2025-11-05T10:00:42.796-0600 [DEBUG] [org.gradle.launcher.daemon.bootstrap.DaemonStartupCommunication] Completed writing the daemon greeting. Closing streams...
2025-11-05T10:00:42.802-0600 [DEBUG] [org.gradle.launcher.daemon.server.Daemon] stopOnExpiration() called on daemon
2025-11-05T10:00:42.804-0600 [DEBUG] [org.gradle.launcher.daemon.server.Daemon] awaitExpiration() called on daemon
2025-11-05T10:00:42.807-0600 [DEBUG] [org.gradle.launcher.daemon.server.DaemonStateCoordinator] daemon is running. Sleeping until state changes.
2025-11-05T10:00:42.813-0600 [DEBUG] [org.gradle.internal.remote.internal.inet.TcpIncomingConnector] Accepted connection from /127.0.0.1:53360 to /127.0.0.1:53359.
2025-11-05T10:00:42.884-0600 [DEBUG] [org.gradle.launcher.daemon.server.SynchronizedDispatchConnection] thread 36: received class org.gradle.launcher.daemon.protocol.Build
2025-11-05T10:00:42.885-0600 [DEBUG] [org.gradle.launcher.daemon.server.DefaultDaemonConnection] thread 36: Received non-IO message from client: Build{id=a8498e27-af86-4ed1-9355-39f4d1f5a758, currentDir=C:\Users\G-Angel\AndroidStudioProjects\ventaTicketsTaxis}
2025-11-05T10:00:42.885-0600 [INFO] [org.gradle.launcher.daemon.server.DefaultIncomingConnectionHandler] Received command: Build{id=a8498e27-af86-4ed1-9355-39f4d1f5a758, currentDir=C:\Users\G-Angel\AndroidStudioProjects\ventaTicketsTaxis}.
2025-11-05T10:00:42.885-0600 [DEBUG] [org.gradle.launcher.daemon.server.DefaultIncomingConnectionHandler] Starting executing command: Build{id=a8498e27-af86-4ed1-9355-39f4d1f5a758, currentDir=C:\Users\G-Angel\AndroidStudioProjects\ventaTicketsTaxis} with connection: socket connection from /127.0.0.1:53359 to /127.0.0.1:53360.
2025-11-05T10:00:42.893-0600 [DEBUG] [org.gradle.launcher.daemon.server.DaemonStateCoordinator] Command execution: started DaemonCommandExecution[command = Build{id=a8498e27-af86-4ed1-9355-39f4d1f5a758, currentDir=C:\Users\G-Angel\AndroidStudioProjects\ventaTicketsTaxis}, connection = DefaultDaemonConnection: socket connection from /127.0.0.1:53359 to /127.0.0.1:53360] after 0.002983333333333333 minutes of idle
2025-11-05T10:00:42.893-0600 [INFO] [org.gradle.launcher.daemon.server.DaemonRegistryUpdater] Marking the daemon as busy, address: [3427d0e8-477b-48e7-aded-91d015581548 port:53359, addresses:[localhost/127.0.0.1]]
2025-11-05T10:00:42.893-0600 [DEBUG] [org.gradle.launcher.daemon.registry.PersistentDaemonRegistry] Marking busy by address: [3427d0e8-477b-48e7-aded-91d015581548 port:53359, addresses:[localhost/127.0.0.1]]
2025-11-05T10:00:42.894-0600 [DEBUG] [org.gradle.cache.internal.DefaultFileLockManager] Waiting to acquire exclusive lock on daemon addresses registry.
2025-11-05T10:00:42.895-0600 [DEBUG] [org.gradle.cache.internal.DefaultFileLockManager] Lock acquired on daemon addresses registry.
2025-11-05T10:00:42.895-0600 [DEBUG] [org.gradle.cache.internal.DefaultFileLockManager] Releasing lock on daemon addresses registry.
2025-11-05T10:00:42.896-0600 [DEBUG] [org.gradle.launcher.daemon.server.DaemonStateCoordinator] resetting idle timer
2025-11-05T10:00:42.896-0600 [DEBUG] [org.gradle.launcher.daemon.server.DaemonStateCoordinator] daemon is running. Sleeping until state changes.
2025-11-05T10:00:42.897-0600 [INFO] [org.gradle.launcher.daemon.server.exec.StartBuildOrRespondWithBusy] Daemon is about to start building Build{id=a8498e27-af86-4ed1-9355-39f4d1f5a758, currentDir=C:\Users\G-Angel\AndroidStudioProjects\ventaTicketsTaxis}. Dispatching build started information...
2025-11-05T10:00:42.897-0600 [DEBUG] [org.gradle.launcher.daemon.server.SynchronizedDispatchConnection] thread 38: dispatching org.gradle.launcher.daemon.protocol.BuildStarted@75304b2
2025-11-05T10:00:42.898-0600 [DEBUG] [org.gradle.launcher.daemon.server.exec.EstablishBuildEnvironment] Configuring env variables: [USERDOMAIN_ROAMINGPROFILE, PROCESSOR_LEVEL, SESSIONNAME, ALLUSERSPROFILE, PROCESSOR_ARCHITECTURE, EFC_26792_3789132940, PSModulePath, SystemDrive, VS80COMNTOOLS, USERNAME, ProgramFiles(x86), MOSQUITTO_DIR, PATHEXT, DriverData, EFC_26792_1262719628, ProgramData, ProgramW6432, __PSLockDownPolicy, HOMEPATH, PROCESSOR_IDENTIFIER, ProgramFiles, PUBLIC, windir, EFC_26792_1592913036, =::, ZES_ENABLE_SYSMAN, IGCCSVC_DB, LOCALAPPDATA, USERDOMAIN, LOGONSERVER, EFC_26792_2283032206, EFC_26792_2775293581, OneDrive, APPDATA, VBOX_MSI_INSTALL_PATH, CommonProgramFiles, Path, OS, COMPUTERNAME, PROCESSOR_REVISION, CommonProgramW6432, ComSpec, TEMP, SystemRoot, HOMEDRIVE, USERPROFILE, TMP, CommonProgramFiles(x86), NUMBER_OF_PROCESSORS]
2025-11-05T10:00:42.901-0600 [DEBUG] [org.gradle.launcher.daemon.server.exec.LogToClient] About to start relaying all logs to the client via the connection.
2025-11-05T10:00:42.901-0600 [INFO] [org.gradle.launcher.daemon.server.exec.LogToClient] The client will now receive all logging from the daemon (pid: 19616). The daemon log file: C:\Users\G-Angel\AndroidStudioProjects\ventaTicketsTaxis\app\src\main\daemon\8.11.1\daemon-19616.out.log
2025-11-05T10:00:42.908-0600 [INFO] [org.gradle.launcher.daemon.server.exec.LogAndCheckHealth] Starting build in new daemon [memory: 2 GiB]
2025-11-05T10:00:42.911-0600 [DEBUG] [org.gradle.launcher.daemon.server.exec.ExecuteBuild] The daemon has started executing the build.
2025-11-05T10:00:42.911-0600 [DEBUG] [org.gradle.launcher.daemon.server.exec.ExecuteBuild] Executing build with daemon context: DefaultDaemonContext[uid=26074454-d94d-4558-b6c0-25c46054b361,javaHome=C:\Program Files\Android\Android Studio\jbr,javaVersion=21,javaVendor=JetBrains s.r.o.,daemonRegistryDir=C:\Users\G-Angel\AndroidStudioProjects\ventaTicketsTaxis\app\src\main\daemon,pid=19616,idleTimeout=10800000,priority=NORMAL,applyInstrumentationAgent=true,nativeServicesMode=ENABLED,daemonOpts=-Xmx2048m,-Dfile.encoding=UTF-8,-Duser.country=MX,-Duser.language=es,-Duser.variant]

BUILD SUCCESSFUL in 58s
59 actionable tasks: 11 executed, 48 up-to-date
2025-11-05T10:01:39.490-0600 [DEBUG] [org.gradle.launcher.daemon.server.exec.ExecuteBuild] The daemon has finished executing the build.
2025-11-05T10:01:39.505-0600 [DEBUG] [org.gradle.launcher.daemon.server.DaemonStateCoordinator] daemon is running. Sleeping until state changes.
2025-11-05T10:01:39.508-0600 [DEBUG] [org.gradle.launcher.daemon.server.DaemonStateCoordinator] Command execution: finished waiting for DaemonCommandExecution[command = Build{id=a8498e27-af86-4ed1-9355-39f4d1f5a758, currentDir=C:\Users\G-Angel\AndroidStudioProjects\ventaTicketsTaxis}, connection = DefaultDaemonConnection: socket connection from /127.0.0.1:53359 to /127.0.0.1:53360]. Result org.gradle.launcher.daemon.server.DaemonStateCoordinator@159ab75b with state Busy
2025-11-05T10:01:39.509-0600 [DEBUG] [org.gradle.launcher.daemon.server.DaemonStateCoordinator] Command execution: completed DaemonCommandExecution[command = Build{id=a8498e27-af86-4ed1-9355-39f4d1f5a758, currentDir=C:\Users\G-Angel\AndroidStudioProjects\ventaTicketsTaxis}, connection = DefaultDaemonConnection: socket connection from /127.0.0.1:53359 to /127.0.0.1:53360]
2025-11-05T10:01:39.509-0600 [DEBUG] [org.gradle.launcher.daemon.server.DaemonStateCoordinator] resetting idle timer
2025-11-05T10:01:39.510-0600 [INFO] [org.gradle.launcher.daemon.server.DaemonRegistryUpdater] Marking the daemon as idle, address: [3427d0e8-477b-48e7-aded-91d015581548 port:53359, addresses:[localhost/127.0.0.1]]
2025-11-05T10:01:39.511-0600 [DEBUG] [org.gradle.launcher.daemon.registry.PersistentDaemonRegistry] Marking busy by address: [3427d0e8-477b-48e7-aded-91d015581548 port:53359, addresses:[localhost/127.0.0.1]]
2025-11-05T10:01:39.512-0600 [DEBUG] [org.gradle.cache.internal.DefaultFileLockManager] Waiting to acquire exclusive lock on daemon addresses registry.
2025-11-05T10:01:39.513-0600 [DEBUG] [org.gradle.cache.internal.DefaultFileLockManager] Lock acquired on daemon addresses registry.
2025-11-05T10:01:39.515-0600 [DEBUG] [org.gradle.cache.internal.DefaultFileLockManager] Releasing lock on daemon addresses registry.
2025-11-05T10:01:39.516-0600 [DEBUG] [org.gradle.launcher.daemon.server.DaemonStateCoordinator] daemon is running. Sleeping until state changes.
2025-11-05T10:01:39.516-0600 [DEBUG] [org.gradle.launcher.daemon.server.exec.ReturnResult] Daemon is dispatching the build result: Success[value=org.gradle.launcher.exec.BuildActionResult@433bd993]
2025-11-05T10:01:39.517-0600 [DEBUG] [org.gradle.launcher.daemon.server.SynchronizedDispatchConnection] thread 35: dispatching Success[value=org.gradle.launcher.exec.BuildActionResult@433bd993]
2025-11-05T10:01:39.528-0600 [DEBUG] [org.gradle.launcher.daemon.server.exec.CleanUpVirtualFileSystemAfterBuild] Cleaning virtual file system after build finished
2025-11-05T10:01:39.528-0600 [DEBUG] [org.gradle.launcher.daemon.server.DefaultIncomingConnectionHandler] Finishing executing command: Build{id=a8498e27-af86-4ed1-9355-39f4d1f5a758, currentDir=C:\Users\G-Angel\AndroidStudioProjects\ventaTicketsTaxis}
2025-11-05T10:01:39.528-0600 [DEBUG] [org.gradle.launcher.daemon.server.SynchronizedDispatchConnection] thread 36: received class org.gradle.launcher.daemon.protocol.CloseInput
2025-11-05T10:01:39.529-0600 [DEBUG] [org.gradle.launcher.daemon.server.DefaultDaemonConnection] thread 36: Received IO message from client: org.gradle.launcher.daemon.protocol.CloseInput@2dd92f
2025-11-05T10:01:39.529-0600 [DEBUG] [org.gradle.launcher.daemon.server.SynchronizedDispatchConnection] thread 36: received class org.gradle.launcher.daemon.protocol.Finished
2025-11-05T10:01:39.529-0600 [DEBUG] [org.gradle.launcher.daemon.server.DefaultDaemonConnection] thread 36: Received non-IO message from client: org.gradle.launcher.daemon.protocol.Finished@6954f8c0
2025-11-05T10:01:39.529-0600 [DEBUG] [org.gradle.launcher.daemon.server.DefaultIncomingConnectionHandler] Received finished message: org.gradle.launcher.daemon.protocol.Finished@6954f8c0
2025-11-05T10:01:39.530-0600 [DEBUG] [org.gradle.launcher.daemon.server.SynchronizedDispatchConnection] thread 35: stopping connection
2025-11-05T10:01:39.530-0600 [DEBUG] [org.gradle.internal.remote.internal.inet.SocketConnection] Discarding EOFException: java.io.EOFException
2025-11-05T10:01:39.530-0600 [DEBUG] [org.gradle.launcher.daemon.server.SynchronizedDispatchConnection] thread 36: received null
2025-11-05T10:01:39.530-0600 [DEBUG] [org.gradle.launcher.daemon.server.DefaultDaemonConnection] thread 36: Received end-of-input from client.
2025-11-05T10:01:39.532-0600 [DEBUG] [org.gradle.launcher.daemon.server.SynchronizedDispatchConnection] thread 35: stopping connection
2025-11-05T10:01:40.112-0600 [DEBUG] [org.gradle.internal.remote.internal.inet.TcpIncomingConnector] Accepted connection from /127.0.0.1:53369 to /127.0.0.1:53359.
2025-11-05T10:01:40.126-0600 [DEBUG] [org.gradle.launcher.daemon.server.SynchronizedDispatchConnection] thread 227: received class org.gradle.launcher.daemon.protocol.Build
2025-11-05T10:01:40.127-0600 [DEBUG] [org.gradle.launcher.daemon.server.DefaultDaemonConnection] thread 227: Received non-IO message from client: Build{id=d9e3f1fb-59c8-4d3a-aa3e-e3ba32fc3603, currentDir=C:\Users\G-Angel\AndroidStudioProjects\ventaTicketsTaxis}
2025-11-05T10:01:40.127-0600 [INFO] [org.gradle.launcher.daemon.server.DefaultIncomingConnectionHandler] Received command: Build{id=d9e3f1fb-59c8-4d3a-aa3e-e3ba32fc3603, currentDir=C:\Users\G-Angel\AndroidStudioProjects\ventaTicketsTaxis}.
2025-11-05T10:01:40.127-0600 [DEBUG] [org.gradle.launcher.daemon.server.DefaultIncomingConnectionHandler] Starting executing command: Build{id=d9e3f1fb-59c8-4d3a-aa3e-e3ba32fc3603, currentDir=C:\Users\G-Angel\AndroidStudioProjects\ventaTicketsTaxis} with connection: socket connection from /127.0.0.1:53359 to /127.0.0.1:53369.
2025-11-05T10:01:40.128-0600 [DEBUG] [org.gradle.launcher.daemon.server.DaemonStateCoordinator] Command execution: started DaemonCommandExecution[command = Build{id=d9e3f1fb-59c8-4d3a-aa3e-e3ba32fc3603, currentDir=C:\Users\G-Angel\AndroidStudioProjects\ventaTicketsTaxis}, connection = DefaultDaemonConnection: socket connection from /127.0.0.1:53359 to /127.0.0.1:53369] after 0.010283333333333334 minutes of idle
2025-11-05T10:01:40.128-0600 [INFO] [org.gradle.launcher.daemon.server.DaemonRegistryUpdater] Marking the daemon as busy, address: [3427d0e8-477b-48e7-aded-91d015581548 port:53359, addresses:[localhost/127.0.0.1]]
2025-11-05T10:01:40.128-0600 [DEBUG] [org.gradle.launcher.daemon.registry.PersistentDaemonRegistry] Marking busy by address: [3427d0e8-477b-48e7-aded-91d015581548 port:53359, addresses:[localhost/127.0.0.1]]
2025-11-05T10:01:40.130-0600 [DEBUG] [org.gradle.cache.internal.DefaultFileLockManager] Waiting to acquire exclusive lock on daemon addresses registry.
2025-11-05T10:01:40.131-0600 [DEBUG] [org.gradle.cache.internal.DefaultFileLockManager] Lock acquired on daemon addresses registry.
2025-11-05T10:01:40.133-0600 [DEBUG] [org.gradle.cache.internal.DefaultFileLockManager] Releasing lock on daemon addresses registry.
2025-11-05T10:01:40.135-0600 [DEBUG] [org.gradle.launcher.daemon.server.DaemonStateCoordinator] resetting idle timer
2025-11-05T10:01:40.136-0600 [DEBUG] [org.gradle.launcher.daemon.server.DaemonStateCoordinator] daemon is running. Sleeping until state changes.
2025-11-05T10:01:40.137-0600 [INFO] [org.gradle.launcher.daemon.server.exec.StartBuildOrRespondWithBusy] Daemon is about to start building Build{id=d9e3f1fb-59c8-4d3a-aa3e-e3ba32fc3603, currentDir=C:\Users\G-Angel\AndroidStudioProjects\ventaTicketsTaxis}. Dispatching build started information...
2025-11-05T10:01:40.138-0600 [DEBUG] [org.gradle.launcher.daemon.server.SynchronizedDispatchConnection] thread 38: dispatching org.gradle.launcher.daemon.protocol.BuildStarted@10e93cbe
2025-11-05T10:01:40.144-0600 [DEBUG] [org.gradle.launcher.daemon.server.exec.EstablishBuildEnvironment] Configuring env variables: [USERDOMAIN_ROAMINGPROFILE, PROCESSOR_LEVEL, SESSIONNAME, ALLUSERSPROFILE, PROCESSOR_ARCHITECTURE, EFC_26792_3789132940, PSModulePath, SystemDrive, VS80COMNTOOLS, USERNAME, ProgramFiles(x86), MOSQUITTO_DIR, PATHEXT, DriverData, EFC_26792_1262719628, ProgramData, ProgramW6432, __PSLockDownPolicy, HOMEPATH, PROCESSOR_IDENTIFIER, ProgramFiles, PUBLIC, windir, EFC_26792_1592913036, =::, ZES_ENABLE_SYSMAN, IGCCSVC_DB, LOCALAPPDATA, USERDOMAIN, LOGONSERVER, EFC_26792_2283032206, EFC_26792_2775293581, OneDrive, APPDATA, VBOX_MSI_INSTALL_PATH, CommonProgramFiles, Path, OS, COMPUTERNAME, PROCESSOR_REVISION, CommonProgramW6432, ComSpec, TEMP, SystemRoot, HOMEDRIVE, USERPROFILE, TMP, CommonProgramFiles(x86), NUMBER_OF_PROCESSORS]
2025-11-05T10:01:40.148-0600 [DEBUG] [org.gradle.launcher.daemon.server.exec.LogToClient] About to start relaying all logs to the client via the connection.
2025-11-05T10:01:40.149-0600 [INFO] [org.gradle.launcher.daemon.server.exec.LogToClient] The client will now receive all logging from the daemon (pid: 19616). The daemon log file: C:\Users\G-Angel\AndroidStudioProjects\ventaTicketsTaxis\app\src\main\daemon\8.11.1\daemon-19616.out.log
2025-11-05T10:01:40.155-0600 [INFO] [org.gradle.launcher.daemon.server.exec.LogAndCheckHealth] Starting 2nd build in daemon [uptime: 57.638 secs, performance: 100%, GC rate: 0.00/s, heap usage: 0% of 2 GiB]
2025-11-05T10:01:40.160-0600 [DEBUG] [org.gradle.launcher.daemon.server.exec.ExecuteBuild] The daemon has started executing the build.
2025-11-05T10:01:40.162-0600 [DEBUG] [org.gradle.launcher.daemon.server.exec.ExecuteBuild] Executing build with daemon context: DefaultDaemonContext[uid=26074454-d94d-4558-b6c0-25c46054b361,javaHome=C:\Program Files\Android\Android Studio\jbr,javaVersion=21,javaVendor=JetBrains s.r.o.,daemonRegistryDir=C:\Users\G-Angel\AndroidStudioProjects\ventaTicketsTaxis\app\src\main\daemon,pid=19616,idleTimeout=10800000,priority=NORMAL,applyInstrumentationAgent=true,nativeServicesMode=ENABLED,daemonOpts=-Xmx2048m,-Dfile.encoding=UTF-8,-Duser.country=MX,-Duser.language=es,-Duser.variant]

BUILD SUCCESSFUL in 7s
34 actionable tasks: 34 up-to-date
2025-11-05T10:01:48.318-0600 [DEBUG] [org.gradle.launcher.daemon.server.exec.ExecuteBuild] The daemon has finished executing the build.
2025-11-05T10:01:48.377-0600 [DEBUG] [org.gradle.launcher.daemon.server.DaemonStateCoordinator] daemon is running. Sleeping until state changes.
2025-11-05T10:01:48.380-0600 [DEBUG] [org.gradle.launcher.daemon.server.DaemonStateCoordinator] Command execution: finished waiting for DaemonCommandExecution[command = Build{id=d9e3f1fb-59c8-4d3a-aa3e-e3ba32fc3603, currentDir=C:\Users\G-Angel\AndroidStudioProjects\ventaTicketsTaxis}, connection = DefaultDaemonConnection: socket connection from /127.0.0.1:53359 to /127.0.0.1:53369]. Result org.gradle.launcher.daemon.server.DaemonStateCoordinator@159ab75b with state Busy
2025-11-05T10:01:48.393-0600 [DEBUG] [org.gradle.launcher.daemon.server.DaemonStateCoordinator] Command execution: completed DaemonCommandExecution[command = Build{id=d9e3f1fb-59c8-4d3a-aa3e-e3ba32fc3603, currentDir=C:\Users\G-Angel\AndroidStudioProjects\ventaTicketsTaxis}, connection = DefaultDaemonConnection: socket connection from /127.0.0.1:53359 to /127.0.0.1:53369]
2025-11-05T10:01:48.395-0600 [DEBUG] [org.gradle.launcher.daemon.server.DaemonStateCoordinator] resetting idle timer
2025-11-05T10:01:48.408-0600 [INFO] [org.gradle.launcher.daemon.server.DaemonRegistryUpdater] Marking the daemon as idle, address: [3427d0e8-477b-48e7-aded-91d015581548 port:53359, addresses:[localhost/127.0.0.1]]
2025-11-05T10:01:48.411-0600 [DEBUG] [org.gradle.launcher.daemon.registry.PersistentDaemonRegistry] Marking busy by address: [3427d0e8-477b-48e7-aded-91d015581548 port:53359, addresses:[localhost/127.0.0.1]]
2025-11-05T10:01:48.428-0600 [DEBUG] [org.gradle.cache.internal.DefaultFileLockManager] Waiting to acquire exclusive lock on daemon addresses registry.
2025-11-05T10:01:48.435-0600 [DEBUG] [org.gradle.cache.internal.DefaultFileLockManager] Lock acquired on daemon addresses registry.
2025-11-05T10:01:48.445-0600 [DEBUG] [org.gradle.cache.internal.DefaultFileLockManager] Releasing lock on daemon addresses registry.
2025-11-05T10:01:48.446-0600 [DEBUG] [org.gradle.launcher.daemon.server.DaemonStateCoordinator] daemon is running. Sleeping until state changes.
2025-11-05T10:01:48.446-0600 [DEBUG] [org.gradle.launcher.daemon.server.exec.ReturnResult] Daemon is dispatching the build result: Success[value=org.gradle.launcher.exec.BuildActionResult@41fe6223]
2025-11-05T10:01:48.446-0600 [DEBUG] [org.gradle.launcher.daemon.server.SynchronizedDispatchConnection] thread 35: dispatching Success[value=org.gradle.launcher.exec.BuildActionResult@41fe6223]
2025-11-05T10:01:48.448-0600 [DEBUG] [org.gradle.launcher.daemon.server.exec.CleanUpVirtualFileSystemAfterBuild] Cleaning virtual file system after build finished
2025-11-05T10:01:48.450-0600 [DEBUG] [org.gradle.launcher.daemon.server.SynchronizedDispatchConnection] thread 227: received class org.gradle.launcher.daemon.protocol.CloseInput
2025-11-05T10:01:48.451-0600 [DEBUG] [org.gradle.launcher.daemon.server.DefaultDaemonConnection] thread 227: Received IO message from client: org.gradle.launcher.daemon.protocol.CloseInput@52c8308d
2025-11-05T10:01:48.451-0600 [DEBUG] [org.gradle.launcher.daemon.server.DefaultIncomingConnectionHandler] Finishing executing command: Build{id=d9e3f1fb-59c8-4d3a-aa3e-e3ba32fc3603, currentDir=C:\Users\G-Angel\AndroidStudioProjects\ventaTicketsTaxis}
2025-11-05T10:01:48.452-0600 [DEBUG] [org.gradle.launcher.daemon.server.SynchronizedDispatchConnection] thread 227: received class org.gradle.launcher.daemon.protocol.Finished
2025-11-05T10:01:48.452-0600 [DEBUG] [org.gradle.launcher.daemon.server.DefaultDaemonConnection] thread 227: Received non-IO message from client: org.gradle.launcher.daemon.protocol.Finished@5c0fd4a4
2025-11-05T10:01:48.453-0600 [DEBUG] [org.gradle.launcher.daemon.server.DefaultIncomingConnectionHandler] Received finished message: org.gradle.launcher.daemon.protocol.Finished@5c0fd4a4
2025-11-05T10:01:48.453-0600 [DEBUG] [org.gradle.internal.remote.internal.inet.SocketConnection] Discarding EOFException: java.io.EOFException
2025-11-05T10:01:48.455-0600 [DEBUG] [org.gradle.launcher.daemon.server.SynchronizedDispatchConnection] thread 227: received null
2025-11-05T10:01:48.456-0600 [DEBUG] [org.gradle.launcher.daemon.server.SynchronizedDispatchConnection] thread 35: stopping connection
2025-11-05T10:01:48.456-0600 [DEBUG] [org.gradle.launcher.daemon.server.DefaultDaemonConnection] thread 227: Received end-of-input from client.
2025-11-05T10:01:48.471-0600 [DEBUG] [org.gradle.launcher.daemon.server.SynchronizedDispatchConnection] thread 35: stopping connection
2025-11-05T10:01:52.386-0600 [DEBUG] [org.gradle.process.internal.health.memory.DefaultMemoryManager] 825932185 physical memory requested, 688173056 free
2025-11-05T10:01:52.386-0600 [DEBUG] [org.gradle.workers.internal.WorkerDaemonExpiration] Will attempt to release 787 of memory
2025-11-05T10:01:52.387-0600 [DEBUG] [org.gradle.process.internal.health.memory.DefaultMemoryManager] 825932185 physical memory requested, 0 released, 688173056 free
2025-11-05T10:01:52.807-0600 [DEBUG] [org.gradle.cache.internal.DefaultFileLockManager] Waiting to acquire shared lock on daemon addresses registry.
2025-11-05T10:01:52.808-0600 [DEBUG] [org.gradle.cache.internal.DefaultFileLockManager] Lock acquired on daemon addresses registry.
2025-11-05T10:01:52.808-0600 [DEBUG] [org.gradle.cache.internal.DefaultFileLockManager] Releasing lock on daemon addresses registry.
2025-11-05T10:01:52.812-0600 [DEBUG] [org.gradle.cache.internal.DefaultFileLockManager] Waiting to acquire shared lock on daemon addresses registry.
2025-11-05T10:01:52.814-0600 [DEBUG] [org.gradle.cache.internal.DefaultFileLockManager] Lock acquired on daemon addresses registry.
2025-11-05T10:01:52.816-0600 [DEBUG] [org.gradle.cache.internal.DefaultFileLockManager] Releasing lock on daemon addresses registry.
2025-11-05T10:01:54.716-0600 [DEBUG] [sun.rmi.transport.tcp] RMI Scheduler(0): close connection, socket: Socket[addr=localhost/127.0.0.1,port=17302,localport=53362]
2025-11-05T10:01:54.736-0600 [DEBUG] [sun.rmi.transport.tcp] RMI Scheduler(0): close connection, socket: Socket[addr=localhost/127.0.0.1,port=17302,localport=53368]
2025-11-05T10:01:55.036-0600 [DEBUG] [sun.rmi.transport.tcp] RMI TCP Connection(1)-127.0.0.1: (port 53364) connection closed
2025-11-05T10:01:55.037-0600 [DEBUG] [sun.rmi.transport.tcp] RMI TCP Connection(1)-127.0.0.1: close connection, socket: Socket[addr=/127.0.0.1,port=53365,localport=53364]
2025-11-05T10:01:55.037-0600 [DEBUG] [sun.rmi.transport.tcp] RMI TCP Connection(1)-127.0.0.1: socket close: Socket[addr=/127.0.0.1,port=53365,localport=53364]
2025-11-05T10:01:57.383-0600 [DEBUG] [org.gradle.process.internal.health.memory.DefaultMemoryManager] 825932185 physical memory requested, 761417728 free
2025-11-05T10:01:57.384-0600 [DEBUG] [org.gradle.workers.internal.WorkerDaemonExpiration] Will attempt to release 787 of memory
2025-11-05T10:01:57.385-0600 [DEBUG] [org.gradle.process.internal.health.memory.DefaultMemoryManager] 825932185 physical memory requested, 0 released, 761417728 free
2025-11-05T10:02:02.812-0600 [DEBUG] [org.gradle.cache.internal.DefaultFileLockManager] Waiting to acquire shared lock on daemon addresses registry.
2025-11-05T10:02:02.814-0600 [DEBUG] [org.gradle.cache.internal.DefaultFileLockManager] Lock acquired on daemon addresses registry.
2025-11-05T10:02:02.817-0600 [DEBUG] [org.gradle.cache.internal.DefaultFileLockManager] Releasing lock on daemon addresses registry.
2025-11-05T10:02:02.822-0600 [DEBUG] [org.gradle.cache.internal.DefaultFileLockManager] Waiting to acquire shared lock on daemon addresses registry.
2025-11-05T10:02:02.823-0600 [DEBUG] [org.gradle.cache.internal.DefaultFileLockManager] Lock acquired on daemon addresses registry.
2025-11-05T10:02:02.824-0600 [DEBUG] [org.gradle.cache.internal.DefaultFileLockManager] Releasing lock on daemon addresses registry.
2025-11-05T10:02:02.831-0600 [DEBUG] [org.gradle.cache.internal.DefaultFileLockManager] Waiting to acquire shared lock on daemon addresses registry.
2025-11-05T10:02:02.838-0600 [DEBUG] [org.gradle.cache.internal.DefaultFileLockManager] Lock acquired on daemon addresses registry.
2025-11-05T10:02:02.845-0600 [DEBUG] [org.gradle.cache.internal.DefaultFileLockManager] Releasing lock on daemon addresses registry.
2025-11-05T10:02:12.817-0600 [DEBUG] [org.gradle.cache.internal.DefaultFileLockManager] Waiting to acquire shared lock on daemon addresses registry.
2025-11-05T10:02:12.817-0600 [DEBUG] [org.gradle.cache.internal.DefaultFileLockManager] Lock acquired on daemon addresses registry.
2025-11-05T10:02:12.819-0600 [DEBUG] [org.gradle.cache.internal.DefaultFileLockManager] Releasing lock on daemon addresses registry.
2025-11-05T10:02:12.822-0600 [DEBUG] [org.gradle.cache.internal.DefaultFileLockManager] Waiting to acquire shared lock on daemon addresses registry.
2025-11-05T10:02:12.823-0600 [DEBUG] [org.gradle.cache.internal.DefaultFileLockManager] Lock acquired on daemon addresses registry.
2025-11-05T10:02:12.824-0600 [DEBUG] [org.gradle.cache.internal.DefaultFileLockManager] Releasing lock on daemon addresses registry.
2025-11-05T10:02:12.829-0600 [DEBUG] [org.gradle.cache.internal.DefaultFileLockManager] Waiting to acquire shared lock on daemon addresses registry.
2025-11-05T10:02:12.830-0600 [DEBUG] [org.gradle.cache.internal.DefaultFileLockManager] Lock acquired on daemon addresses registry.
2025-11-05T10:02:12.831-0600 [DEBUG] [org.gradle.cache.internal.DefaultFileLockManager] Releasing lock on daemon addresses registry.
2025-11-05T10:02:22.825-0600 [DEBUG] [org.gradle.cache.internal.DefaultFileLockManager] Waiting to acquire shared lock on daemon addresses registry.
2025-11-05T10:02:22.826-0600 [DEBUG] [org.gradle.cache.internal.DefaultFileLockManager] Lock acquired on daemon addresses registry.
2025-11-05T10:02:22.828-0600 [DEBUG] [org.gradle.cache.internal.DefaultFileLockManager] Releasing lock on daemon addresses registry.
2025-11-05T10:02:22.831-0600 [DEBUG] [org.gradle.cache.internal.DefaultFileLockManager] Waiting to acquire shared lock on daemon addresses registry.
2025-11-05T10:02:22.832-0600 [DEBUG] [org.gradle.cache.internal.DefaultFileLockManager] Lock acquired on daemon addresses registry.
2025-11-05T10:02:22.833-0600 [DEBUG] [org.gradle.cache.internal.DefaultFileLockManager] Releasing lock on daemon addresses registry.
2025-11-05T10:02:22.836-0600 [DEBUG] [org.gradle.cache.internal.DefaultFileLockManager] Waiting to acquire shared lock on daemon addresses registry.
2025-11-05T10:02:22.837-0600 [DEBUG] [org.gradle.cache.internal.DefaultFileLockManager] Lock acquired on daemon addresses registry.
2025-11-05T10:02:22.839-0600 [DEBUG] [org.gradle.cache.internal.DefaultFileLockManager] Releasing lock on daemon addresses registry.
2025-11-05T10:02:32.820-0600 [DEBUG] [org.gradle.cache.internal.DefaultFileLockManager] Waiting to acquire shared lock on daemon addresses registry.
2025-11-05T10:02:32.822-0600 [DEBUG] [org.gradle.cache.internal.DefaultFileLockManager] Lock acquired on daemon addresses registry.
2025-11-05T10:02:32.824-0600 [DEBUG] [org.gradle.cache.internal.DefaultFileLockManager] Releasing lock on daemon addresses registry.
2025-11-05T10:02:32.827-0600 [DEBUG] [org.gradle.cache.internal.DefaultFileLockManager] Waiting to acquire shared lock on daemon addresses registry.
2025-11-05T10:02:32.828-0600 [DEBUG] [org.gradle.cache.internal.DefaultFileLockManager] Lock acquired on daemon addresses registry.
2025-11-05T10:02:32.829-0600 [DEBUG] [org.gradle.cache.internal.DefaultFileLockManager] Releasing lock on daemon addresses registry.
2025-11-05T10:02:32.832-0600 [DEBUG] [org.gradle.cache.internal.DefaultFileLockManager] Waiting to acquire shared lock on daemon addresses registry.
2025-11-05T10:02:32.832-0600 [DEBUG] [org.gradle.cache.internal.DefaultFileLockManager] Lock acquired on daemon addresses registry.
2025-11-05T10:02:32.834-0600 [DEBUG] [org.gradle.cache.internal.DefaultFileLockManager] Releasing lock on daemon addresses registry.
2025-11-05T10:02:42.822-0600 [DEBUG] [org.gradle.cache.internal.DefaultFileLockManager] Waiting to acquire shared lock on daemon addresses registry.
2025-11-05T10:02:42.823-0600 [DEBUG] [org.gradle.cache.internal.DefaultFileLockManager] Lock acquired on daemon addresses registry.
2025-11-05T10:02:42.824-0600 [DEBUG] [org.gradle.cache.internal.DefaultFileLockManager] Releasing lock on daemon addresses registry.
2025-11-05T10:02:42.827-0600 [DEBUG] [org.gradle.cache.internal.DefaultFileLockManager] Waiting to acquire shared lock on daemon addresses registry.
2025-11-05T10:02:42.828-0600 [DEBUG] [org.gradle.cache.internal.DefaultFileLockManager] Lock acquired on daemon addresses registry.
2025-11-05T10:02:42.829-0600 [DEBUG] [org.gradle.cache.internal.DefaultFileLockManager] Releasing lock on daemon addresses registry.
2025-11-05T10:02:42.834-0600 [DEBUG] [org.gradle.cache.internal.DefaultFileLockManager] Waiting to acquire shared lock on daemon addresses registry.
2025-11-05T10:02:42.836-0600 [DEBUG] [org.gradle.cache.internal.DefaultFileLockManager] Lock acquired on daemon addresses registry.
2025-11-05T10:02:42.837-0600 [DEBUG] [org.gradle.cache.internal.DefaultFileLockManager] Releasing lock on daemon addresses registry.
2025-11-05T10:02:52.816-0600 [DEBUG] [org.gradle.cache.internal.DefaultFileLockManager] Waiting to acquire shared lock on daemon addresses registry.
2025-11-05T10:02:52.817-0600 [DEBUG] [org.gradle.cache.internal.DefaultFileLockManager] Lock acquired on daemon addresses registry.
2025-11-05T10:02:52.818-0600 [DEBUG] [org.gradle.cache.internal.DefaultFileLockManager] Releasing lock on daemon addresses registry.
2025-11-05T10:02:52.822-0600 [DEBUG] [org.gradle.cache.internal.DefaultFileLockManager] Waiting to acquire shared lock on daemon addresses registry.
2025-11-05T10:02:52.822-0600 [DEBUG] [org.gradle.cache.internal.DefaultFileLockManager] Lock acquired on daemon addresses registry.
2025-11-05T10:02:52.823-0600 [DEBUG] [org.gradle.cache.internal.DefaultFileLockManager] Releasing lock on daemon addresses registry.
2025-11-05T10:02:52.827-0600 [DEBUG] [org.gradle.cache.internal.DefaultFileLockManager] Waiting to acquire shared lock on daemon addresses registry.
2025-11-05T10:02:52.829-0600 [DEBUG] [org.gradle.cache.internal.DefaultFileLockManager] Lock acquired on daemon addresses registry.
2025-11-05T10:02:52.831-0600 [DEBUG] [org.gradle.cache.internal.DefaultFileLockManager] Releasing lock on daemon addresses registry.
2025-11-05T10:02:57.387-0600 [DEBUG] [org.gradle.process.internal.health.memory.DefaultMemoryManager] 825932185 physical memory requested, 812036096 free
2025-11-05T10:02:57.389-0600 [DEBUG] [org.gradle.workers.internal.WorkerDaemonExpiration] Will attempt to release 787 of memory
2025-11-05T10:02:57.390-0600 [DEBUG] [org.gradle.process.internal.health.memory.DefaultMemoryManager] 825932185 physical memory requested, 0 released, 812036096 free
2025-11-05T10:03:02.816-0600 [DEBUG] [org.gradle.cache.internal.DefaultFileLockManager] Waiting to acquire shared lock on daemon addresses registry.
2025-11-05T10:03:02.816-0600 [DEBUG] [org.gradle.cache.internal.DefaultFileLockManager] Lock acquired on daemon addresses registry.
2025-11-05T10:03:02.817-0600 [DEBUG] [org.gradle.cache.internal.DefaultFileLockManager] Releasing lock on daemon addresses registry.
2025-11-05T10:03:02.820-0600 [DEBUG] [org.gradle.cache.internal.DefaultFileLockManager] Waiting to acquire shared lock on daemon addresses registry.
2025-11-05T10:03:02.820-0600 [DEBUG] [org.gradle.cache.internal.DefaultFileLockManager] Lock acquired on daemon addresses registry.
2025-11-05T10:03:02.821-0600 [DEBUG] [org.gradle.cache.internal.DefaultFileLockManager] Releasing lock on daemon addresses registry.
2025-11-05T10:03:02.823-0600 [DEBUG] [org.gradle.cache.internal.DefaultFileLockManager] Waiting to acquire shared lock on daemon addresses registry.
2025-11-05T10:03:02.824-0600 [DEBUG] [org.gradle.cache.internal.DefaultFileLockManager] Lock acquired on daemon addresses registry.
2025-11-05T10:03:02.826-0600 [DEBUG] [org.gradle.cache.internal.DefaultFileLockManager] Releasing lock on daemon addresses registry.
2025-11-05T10:03:12.813-0600 [DEBUG] [org.gradle.cache.internal.DefaultFileLockManager] Waiting to acquire shared lock on daemon addresses registry.
2025-11-05T10:03:12.814-0600 [DEBUG] [org.gradle.cache.internal.DefaultFileLockManager] Lock acquired on daemon addresses registry.
2025-11-05T10:03:12.815-0600 [DEBUG] [org.gradle.cache.internal.DefaultFileLockManager] Releasing lock on daemon addresses registry.
2025-11-05T10:03:12.818-0600 [DEBUG] [org.gradle.cache.internal.DefaultFileLockManager] Waiting to acquire shared lock on daemon addresses registry.
2025-11-05T10:03:12.819-0600 [DEBUG] [org.gradle.cache.internal.DefaultFileLockManager] Lock acquired on daemon addresses registry.
2025-11-05T10:03:12.820-0600 [DEBUG] [org.gradle.cache.internal.DefaultFileLockManager] Releasing lock on daemon addresses registry.
2025-11-05T10:03:12.827-0600 [DEBUG] [org.gradle.cache.internal.DefaultFileLockManager] Waiting to acquire shared lock on daemon addresses registry.
2025-11-05T10:03:12.828-0600 [DEBUG] [org.gradle.cache.internal.DefaultFileLockManager] Lock acquired on daemon addresses registry.
2025-11-05T10:03:12.829-0600 [DEBUG] [org.gradle.cache.internal.DefaultFileLockManager] Releasing lock on daemon addresses registry.
2025-11-05T10:03:22.806-0600 [DEBUG] [org.gradle.cache.internal.DefaultFileLockManager] Waiting to acquire shared lock on daemon addresses registry.
2025-11-05T10:03:22.807-0600 [DEBUG] [org.gradle.cache.internal.DefaultFileLockManager] Lock acquired on daemon addresses registry.
2025-11-05T10:03:22.809-0600 [DEBUG] [org.gradle.cache.internal.DefaultFileLockManager] Releasing lock on daemon addresses registry.
2025-11-05T10:03:22.812-0600 [DEBUG] [org.gradle.cache.internal.DefaultFileLockManager] Waiting to acquire shared lock on daemon addresses registry.
2025-11-05T10:03:22.812-0600 [DEBUG] [org.gradle.cache.internal.DefaultFileLockManager] Lock acquired on daemon addresses registry.
2025-11-05T10:03:22.813-0600 [DEBUG] [org.gradle.cache.internal.DefaultFileLockManager] Releasing lock on daemon addresses registry.
2025-11-05T10:03:22.816-0600 [DEBUG] [org.gradle.cache.internal.DefaultFileLockManager] Waiting to acquire shared lock on daemon addresses registry.
2025-11-05T10:03:22.817-0600 [DEBUG] [org.gradle.cache.internal.DefaultFileLockManager] Lock acquired on daemon addresses registry.
2025-11-05T10:03:22.819-0600 [DEBUG] [org.gradle.cache.internal.DefaultFileLockManager] Releasing lock on daemon addresses registry.
2025-11-05T10:03:32.808-0600 [DEBUG] [org.gradle.cache.internal.DefaultFileLockManager] Waiting to acquire shared lock on daemon addresses registry.
2025-11-05T10:03:32.809-0600 [DEBUG] [org.gradle.cache.internal.DefaultFileLockManager] Lock acquired on daemon addresses registry.
2025-11-05T10:03:32.810-0600 [DEBUG] [org.gradle.cache.internal.DefaultFileLockManager] Releasing lock on daemon addresses registry.
2025-11-05T10:03:32.815-0600 [DEBUG] [org.gradle.cache.internal.DefaultFileLockManager] Waiting to acquire shared lock on daemon addresses registry.
2025-11-05T10:03:32.817-0600 [DEBUG] [org.gradle.cache.internal.DefaultFileLockManager] Lock acquired on daemon addresses registry.
2025-11-05T10:03:32.818-0600 [DEBUG] [org.gradle.cache.internal.DefaultFileLockManager] Releasing lock on daemon addresses registry.
2025-11-05T10:03:32.822-0600 [DEBUG] [org.gradle.cache.internal.DefaultFileLockManager] Waiting to acquire shared lock on daemon addresses registry.
2025-11-05T10:03:32.823-0600 [DEBUG] [org.gradle.cache.internal.DefaultFileLockManager] Lock acquired on daemon addresses registry.
2025-11-05T10:03:32.823-0600 [DEBUG] [org.gradle.cache.internal.DefaultFileLockManager] Releasing lock on daemon addresses registry.
2025-11-05T10:03:42.816-0600 [DEBUG] [org.gradle.cache.internal.DefaultFileLockManager] Waiting to acquire shared lock on daemon addresses registry.
2025-11-05T10:03:42.817-0600 [DEBUG] [org.gradle.cache.internal.DefaultFileLockManager] Lock acquired on daemon addresses registry.
2025-11-05T10:03:42.818-0600 [DEBUG] [org.gradle.cache.internal.DefaultFileLockManager] Releasing lock on daemon addresses registry.
2025-11-05T10:03:42.821-0600 [DEBUG] [org.gradle.cache.internal.DefaultFileLockManager] Waiting to acquire shared lock on daemon addresses registry.
2025-11-05T10:03:42.822-0600 [DEBUG] [org.gradle.cache.internal.DefaultFileLockManager] Lock acquired on daemon addresses registry.
2025-11-05T10:03:42.823-0600 [DEBUG] [org.gradle.cache.internal.DefaultFileLockManager] Releasing lock on daemon addresses registry.
2025-11-05T10:03:42.828-0600 [DEBUG] [org.gradle.cache.internal.DefaultFileLockManager] Waiting to acquire shared lock on daemon addresses registry.
2025-11-05T10:03:42.829-0600 [DEBUG] [org.gradle.cache.internal.DefaultFileLockManager] Lock acquired on daemon addresses registry.
2025-11-05T10:03:42.831-0600 [DEBUG] [org.gradle.cache.internal.DefaultFileLockManager] Releasing lock on daemon addresses registry.
2025-11-05T10:03:52.818-0600 [DEBUG] [org.gradle.cache.internal.DefaultFileLockManager] Waiting to acquire shared lock on daemon addresses registry.
2025-11-05T10:03:52.818-0600 [DEBUG] [org.gradle.cache.internal.DefaultFileLockManager] Lock acquired on daemon addresses registry.
2025-11-05T10:03:52.819-0600 [DEBUG] [org.gradle.cache.internal.DefaultFileLockManager] Releasing lock on daemon addresses registry.
2025-11-05T10:03:52.822-0600 [DEBUG] [org.gradle.cache.internal.DefaultFileLockManager] Waiting to acquire shared lock on daemon addresses registry.
2025-11-05T10:03:52.824-0600 [DEBUG] [org.gradle.cache.internal.DefaultFileLockManager] Lock acquired on daemon addresses registry.
2025-11-05T10:03:52.825-0600 [DEBUG] [org.gradle.cache.internal.DefaultFileLockManager] Releasing lock on daemon addresses registry.
2025-11-05T10:03:52.829-0600 [DEBUG] [org.gradle.cache.internal.DefaultFileLockManager] Waiting to acquire shared lock on daemon addresses registry.
2025-11-05T10:03:52.830-0600 [DEBUG] [org.gradle.cache.internal.DefaultFileLockManager] Lock acquired on daemon addresses registry.
2025-11-05T10:03:52.831-0600 [DEBUG] [org.gradle.cache.internal.DefaultFileLockManager] Releasing lock on daemon addresses registry.
2025-11-05T10:04:02.820-0600 [DEBUG] [org.gradle.cache.internal.DefaultFileLockManager] Waiting to acquire shared lock on daemon addresses registry.
2025-11-05T10:04:02.822-0600 [DEBUG] [org.gradle.cache.internal.DefaultFileLockManager] Lock acquired on daemon addresses registry.
2025-11-05T10:04:02.822-0600 [DEBUG] [org.gradle.cache.internal.DefaultFileLockManager] Releasing lock on daemon addresses registry.
2025-11-05T10:04:02.824-0600 [DEBUG] [org.gradle.cache.internal.DefaultFileLockManager] Waiting to acquire shared lock on daemon addresses registry.
2025-11-05T10:04:02.825-0600 [DEBUG] [org.gradle.cache.internal.DefaultFileLockManager] Lock acquired on daemon addresses registry.
2025-11-05T10:04:02.826-0600 [DEBUG] [org.gradle.cache.internal.DefaultFileLockManager] Releasing lock on daemon addresses registry.
2025-11-05T10:04:02.827-0600 [DEBUG] [org.gradle.cache.internal.DefaultFileLockManager] Waiting to acquire shared lock on daemon addresses registry.
2025-11-05T10:04:02.827-0600 [DEBUG] [org.gradle.cache.internal.DefaultFileLockManager] Lock acquired on daemon addresses registry.
2025-11-05T10:04:02.827-0600 [DEBUG] [org.gradle.cache.internal.DefaultFileLockManager] Releasing lock on daemon addresses registry.
2025-11-05T10:04:12.379-0600 [DEBUG] [org.gradle.process.internal.health.memory.DefaultMemoryManager] 825932185 physical memory requested, 755888128 free
2025-11-05T10:04:12.380-0600 [DEBUG] [org.gradle.workers.internal.WorkerDaemonExpiration] Will attempt to release 787 of memory
2025-11-05T10:04:12.380-0600 [DEBUG] [org.gradle.process.internal.health.memory.DefaultMemoryManager] 825932185 physical memory requested, 0 released, 755888128 free
2025-11-05T10:04:12.820-0600 [DEBUG] [org.gradle.cache.internal.DefaultFileLockManager] Waiting to acquire shared lock on daemon addresses registry.
2025-11-05T10:04:12.820-0600 [DEBUG] [org.gradle.cache.internal.DefaultFileLockManager] Lock acquired on daemon addresses registry.
2025-11-05T10:04:12.821-0600 [DEBUG] [org.gradle.cache.internal.DefaultFileLockManager] Releasing lock on daemon addresses registry.
2025-11-05T10:04:12.825-0600 [DEBUG] [org.gradle.cache.internal.DefaultFileLockManager] Waiting to acquire shared lock on daemon addresses registry.
2025-11-05T10:04:12.825-0600 [DEBUG] [org.gradle.cache.internal.DefaultFileLockManager] Lock acquired on daemon addresses registry.
2025-11-05T10:04:12.826-0600 [DEBUG] [org.gradle.cache.internal.DefaultFileLockManager] Releasing lock on daemon addresses registry.
2025-11-05T10:04:12.828-0600 [DEBUG] [org.gradle.cache.internal.DefaultFileLockManager] Waiting to acquire shared lock on daemon addresses registry.
2025-11-05T10:04:12.828-0600 [DEBUG] [org.gradle.cache.internal.DefaultFileLockManager] Lock acquired on daemon addresses registry.
2025-11-05T10:04:12.829-0600 [DEBUG] [org.gradle.cache.internal.DefaultFileLockManager] Releasing lock on daemon addresses registry.
2025-11-05T10:04:17.387-0600 [DEBUG] [org.gradle.process.internal.health.memory.DefaultMemoryManager] 825932185 physical memory requested, 757198848 free
2025-11-05T10:04:17.388-0600 [DEBUG] [org.gradle.workers.internal.WorkerDaemonExpiration] Will attempt to release 787 of memory
2025-11-05T10:04:17.388-0600 [DEBUG] [org.gradle.process.internal.health.memory.DefaultMemoryManager] 825932185 physical memory requested, 0 released, 757198848 free
2025-11-05T10:04:22.383-0600 [DEBUG] [org.gradle.process.internal.health.memory.DefaultMemoryManager] 825932185 physical memory requested, 701648896 free
2025-11-05T10:04:22.385-0600 [DEBUG] [org.gradle.workers.internal.WorkerDaemonExpiration] Will attempt to release 787 of memory
2025-11-05T10:04:22.385-0600 [DEBUG] [org.gradle.process.internal.health.memory.DefaultMemoryManager] 825932185 physical memory requested, 0 released, 701648896 free
2025-11-05T10:04:22.804-0600 [DEBUG] [org.gradle.cache.internal.DefaultFileLockManager] Waiting to acquire shared lock on daemon addresses registry.
2025-11-05T10:04:22.804-0600 [DEBUG] [org.gradle.cache.internal.DefaultFileLockManager] Lock acquired on daemon addresses registry.
2025-11-05T10:04:22.804-0600 [DEBUG] [org.gradle.cache.internal.DefaultFileLockManager] Releasing lock on daemon addresses registry.
2025-11-05T10:04:22.805-0600 [DEBUG] [org.gradle.cache.internal.DefaultFileLockManager] Waiting to acquire shared lock on daemon addresses registry.
2025-11-05T10:04:22.805-0600 [DEBUG] [org.gradle.cache.internal.DefaultFileLockManager] Lock acquired on daemon addresses registry.
2025-11-05T10:04:22.805-0600 [DEBUG] [org.gradle.cache.internal.DefaultFileLockManager] Releasing lock on daemon addresses registry.
2025-11-05T10:04:22.805-0600 [DEBUG] [org.gradle.cache.internal.DefaultFileLockManager] Waiting to acquire shared lock on daemon addresses registry.
2025-11-05T10:04:22.806-0600 [DEBUG] [org.gradle.cache.internal.DefaultFileLockManager] Lock acquired on daemon addresses registry.
2025-11-05T10:04:22.806-0600 [DEBUG] [org.gradle.cache.internal.DefaultFileLockManager] Releasing lock on daemon addresses registry.
2025-11-05T10:04:27.375-0600 [DEBUG] [org.gradle.process.internal.health.memory.DefaultMemoryManager] 825932185 physical memory requested, 706764800 free
2025-11-05T10:04:27.376-0600 [DEBUG] [org.gradle.workers.internal.WorkerDaemonExpiration] Will attempt to release 787 of memory
2025-11-05T10:04:27.376-0600 [DEBUG] [org.gradle.process.internal.health.memory.DefaultMemoryManager] 825932185 physical memory requested, 0 released, 706764800 free
2025-11-05T10:04:29.722-0600 [DEBUG] [org.gradle.internal.remote.internal.inet.TcpIncomingConnector] Accepted connection from /127.0.0.1:65375 to /127.0.0.1:53359.
2025-11-05T10:04:29.737-0600 [DEBUG] [org.gradle.launcher.daemon.server.SynchronizedDispatchConnection] thread 312: received class org.gradle.launcher.daemon.protocol.Build
2025-11-05T10:04:29.737-0600 [DEBUG] [org.gradle.launcher.daemon.server.DefaultDaemonConnection] thread 312: Received non-IO message from client: Build{id=dcb33687-2f96-4c86-ba40-03cb36602330, currentDir=C:\Users\G-Angel\AndroidStudioProjects\ventaTicketsTaxis}
2025-11-05T10:04:29.737-0600 [INFO] [org.gradle.launcher.daemon.server.DefaultIncomingConnectionHandler] Received command: Build{id=dcb33687-2f96-4c86-ba40-03cb36602330, currentDir=C:\Users\G-Angel\AndroidStudioProjects\ventaTicketsTaxis}.
2025-11-05T10:04:29.738-0600 [DEBUG] [org.gradle.launcher.daemon.server.DefaultIncomingConnectionHandler] Starting executing command: Build{id=dcb33687-2f96-4c86-ba40-03cb36602330, currentDir=C:\Users\G-Angel\AndroidStudioProjects\ventaTicketsTaxis} with connection: socket connection from /127.0.0.1:53359 to /127.0.0.1:65375.
2025-11-05T10:04:29.738-0600 [DEBUG] [org.gradle.launcher.daemon.server.DaemonStateCoordinator] Command execution: started DaemonCommandExecution[command = Build{id=dcb33687-2f96-4c86-ba40-03cb36602330, currentDir=C:\Users\G-Angel\AndroidStudioProjects\ventaTicketsTaxis}, connection = DefaultDaemonConnection: socket connection from /127.0.0.1:53359 to /127.0.0.1:65375] after 2.68885 minutes of idle
2025-11-05T10:04:29.738-0600 [INFO] [org.gradle.launcher.daemon.server.DaemonRegistryUpdater] Marking the daemon as busy, address: [3427d0e8-477b-48e7-aded-91d015581548 port:53359, addresses:[localhost/127.0.0.1]]
2025-11-05T10:04:29.738-0600 [DEBUG] [org.gradle.launcher.daemon.registry.PersistentDaemonRegistry] Marking busy by address: [3427d0e8-477b-48e7-aded-91d015581548 port:53359, addresses:[localhost/127.0.0.1]]
2025-11-05T10:04:29.740-0600 [DEBUG] [org.gradle.cache.internal.DefaultFileLockManager] Waiting to acquire exclusive lock on daemon addresses registry.
2025-11-05T10:04:29.740-0600 [DEBUG] [org.gradle.cache.internal.DefaultFileLockManager] Lock acquired on daemon addresses registry.
2025-11-05T10:04:29.743-0600 [DEBUG] [org.gradle.cache.internal.DefaultFileLockManager] Releasing lock on daemon addresses registry.
2025-11-05T10:04:29.745-0600 [DEBUG] [org.gradle.launcher.daemon.server.DaemonStateCoordinator] resetting idle timer
2025-11-05T10:04:29.746-0600 [DEBUG] [org.gradle.launcher.daemon.server.DaemonStateCoordinator] daemon is running. Sleeping until state changes.
2025-11-05T10:04:29.749-0600 [INFO] [org.gradle.launcher.daemon.server.exec.StartBuildOrRespondWithBusy] Daemon is about to start building Build{id=dcb33687-2f96-4c86-ba40-03cb36602330, currentDir=C:\Users\G-Angel\AndroidStudioProjects\ventaTicketsTaxis}. Dispatching build started information...
2025-11-05T10:04:29.750-0600 [DEBUG] [org.gradle.launcher.daemon.server.SynchronizedDispatchConnection] thread 314: dispatching org.gradle.launcher.daemon.protocol.BuildStarted@3c3db345
2025-11-05T10:04:29.753-0600 [DEBUG] [org.gradle.launcher.daemon.server.exec.EstablishBuildEnvironment] Configuring env variables: [USERDOMAIN_ROAMINGPROFILE, PROCESSOR_LEVEL, SESSIONNAME, ALLUSERSPROFILE, PROCESSOR_ARCHITECTURE, EFC_26792_3789132940, PSModulePath, SystemDrive, VS80COMNTOOLS, USERNAME, ProgramFiles(x86), MOSQUITTO_DIR, PATHEXT, DriverData, EFC_26792_1262719628, ProgramData, ProgramW6432, __PSLockDownPolicy, HOMEPATH, PROCESSOR_IDENTIFIER, ProgramFiles, PUBLIC, windir, EFC_26792_1592913036, =::, ZES_ENABLE_SYSMAN, IGCCSVC_DB, LOCALAPPDATA, USERDOMAIN, LOGONSERVER, EFC_26792_2283032206, EFC_26792_2775293581, OneDrive, APPDATA, VBOX_MSI_INSTALL_PATH, CommonProgramFiles, Path, OS, COMPUTERNAME, PROCESSOR_REVISION, CommonProgramW6432, ComSpec, TEMP, SystemRoot, HOMEDRIVE, USERPROFILE, TMP, CommonProgramFiles(x86), NUMBER_OF_PROCESSORS]
2025-11-05T10:04:29.753-0600 [DEBUG] [org.gradle.launcher.daemon.server.exec.LogToClient] About to start relaying all logs to the client via the connection.
2025-11-05T10:04:29.753-0600 [INFO] [org.gradle.launcher.daemon.server.exec.LogToClient] The client will now receive all logging from the daemon (pid: 19616). The daemon log file: C:\Users\G-Angel\AndroidStudioProjects\ventaTicketsTaxis\app\src\main\daemon\8.11.1\daemon-19616.out.log
2025-11-05T10:04:29.754-0600 [INFO] [org.gradle.launcher.daemon.server.exec.LogAndCheckHealth] Starting 3rd build in daemon [uptime: 3 mins 47.242 secs, performance: 100%, GC rate: 0.00/s, heap usage: 0% of 2 GiB]
2025-11-05T10:04:29.754-0600 [DEBUG] [org.gradle.launcher.daemon.server.exec.ExecuteBuild] The daemon has started executing the build.
2025-11-05T10:04:29.754-0600 [DEBUG] [org.gradle.launcher.daemon.server.exec.ExecuteBuild] Executing build with daemon context: DefaultDaemonContext[uid=26074454-d94d-4558-b6c0-25c46054b361,javaHome=C:\Program Files\Android\Android Studio\jbr,javaVersion=21,javaVendor=JetBrains s.r.o.,daemonRegistryDir=C:\Users\G-Angel\AndroidStudioProjects\ventaTicketsTaxis\app\src\main\daemon,pid=19616,idleTimeout=10800000,priority=NORMAL,applyInstrumentationAgent=true,nativeServicesMode=ENABLED,daemonOpts=-Xmx2048m,-Dfile.encoding=UTF-8,-Duser.country=MX,-Duser.language=es,-Duser.variant]

BUILD SUCCESSFUL in 5s
34 actionable tasks: 34 up-to-date
2025-11-05T10:04:35.741-0600 [DEBUG] [org.gradle.launcher.daemon.server.exec.ExecuteBuild] The daemon has finished executing the build.
2025-11-05T10:04:35.759-0600 [DEBUG] [org.gradle.launcher.daemon.server.DaemonStateCoordinator] daemon is running. Sleeping until state changes.
2025-11-05T10:04:35.760-0600 [DEBUG] [org.gradle.launcher.daemon.server.DaemonStateCoordinator] Command execution: finished waiting for DaemonCommandExecution[command = Build{id=dcb33687-2f96-4c86-ba40-03cb36602330, currentDir=C:\Users\G-Angel\AndroidStudioProjects\ventaTicketsTaxis}, connection = DefaultDaemonConnection: socket connection from /127.0.0.1:53359 to /127.0.0.1:65375]. Result org.gradle.launcher.daemon.server.DaemonStateCoordinator@159ab75b with state Busy
2025-11-05T10:04:35.761-0600 [DEBUG] [org.gradle.launcher.daemon.server.DaemonStateCoordinator] Command execution: completed DaemonCommandExecution[command = Build{id=dcb33687-2f96-4c86-ba40-03cb36602330, currentDir=C:\Users\G-Angel\AndroidStudioProjects\ventaTicketsTaxis}, connection = DefaultDaemonConnection: socket connection from /127.0.0.1:53359 to /127.0.0.1:65375]
2025-11-05T10:04:35.761-0600 [DEBUG] [org.gradle.launcher.daemon.server.DaemonStateCoordinator] resetting idle timer
2025-11-05T10:04:35.761-0600 [INFO] [org.gradle.launcher.daemon.server.DaemonRegistryUpdater] Marking the daemon as idle, address: [3427d0e8-477b-48e7-aded-91d015581548 port:53359, addresses:[localhost/127.0.0.1]]
2025-11-05T10:04:35.764-0600 [DEBUG] [org.gradle.launcher.daemon.registry.PersistentDaemonRegistry] Marking busy by address: [3427d0e8-477b-48e7-aded-91d015581548 port:53359, addresses:[localhost/127.0.0.1]]
2025-11-05T10:04:35.771-0600 [DEBUG] [org.gradle.cache.internal.DefaultFileLockManager] Waiting to acquire exclusive lock on daemon addresses registry.
2025-11-05T10:04:35.772-0600 [DEBUG] [org.gradle.cache.internal.DefaultFileLockManager] Lock acquired on daemon addresses registry.
2025-11-05T10:04:35.783-0600 [DEBUG] [org.gradle.cache.internal.DefaultFileLockManager] Releasing lock on daemon addresses registry.
2025-11-05T10:04:35.789-0600 [DEBUG] [org.gradle.launcher.daemon.server.DaemonStateCoordinator] daemon is running. Sleeping until state changes.
2025-11-05T10:04:35.789-0600 [DEBUG] [org.gradle.launcher.daemon.server.exec.ReturnResult] Daemon is dispatching the build result: Success[value=org.gradle.launcher.exec.BuildActionResult@3a1eadd8]
2025-11-05T10:04:35.790-0600 [DEBUG] [org.gradle.launcher.daemon.server.SynchronizedDispatchConnection] thread 311: dispatching Success[value=org.gradle.launcher.exec.BuildActionResult@3a1eadd8]
2025-11-05T10:04:35.795-0600 [DEBUG] [org.gradle.launcher.daemon.server.exec.CleanUpVirtualFileSystemAfterBuild] Cleaning virtual file system after build finished
2025-11-05T10:04:35.796-0600 [DEBUG] [org.gradle.launcher.daemon.server.DefaultIncomingConnectionHandler] Finishing executing command: Build{id=dcb33687-2f96-4c86-ba40-03cb36602330, currentDir=C:\Users\G-Angel\AndroidStudioProjects\ventaTicketsTaxis}
2025-11-05T10:04:35.811-0600 [DEBUG] [org.gradle.launcher.daemon.server.SynchronizedDispatchConnection] thread 312: received class org.gradle.launcher.daemon.protocol.CloseInput
2025-11-05T10:04:35.812-0600 [DEBUG] [org.gradle.launcher.daemon.server.DefaultDaemonConnection] thread 312: Received IO message from client: org.gradle.launcher.daemon.protocol.CloseInput@2f487efa
2025-11-05T10:04:35.813-0600 [DEBUG] [org.gradle.launcher.daemon.server.SynchronizedDispatchConnection] thread 312: received class org.gradle.launcher.daemon.protocol.Finished
2025-11-05T10:04:35.814-0600 [DEBUG] [org.gradle.launcher.daemon.server.DefaultDaemonConnection] thread 312: Received non-IO message from client: org.gradle.launcher.daemon.protocol.Finished@218f9563
2025-11-05T10:04:35.815-0600 [DEBUG] [org.gradle.launcher.daemon.server.DefaultIncomingConnectionHandler] Received finished message: org.gradle.launcher.daemon.protocol.Finished@218f9563
2025-11-05T10:04:35.817-0600 [DEBUG] [org.gradle.launcher.daemon.server.SynchronizedDispatchConnection] thread 311: stopping connection
2025-11-05T10:04:35.819-0600 [DEBUG] [org.gradle.internal.remote.internal.inet.SocketConnection] Discarding EOFException: java.io.EOFException
2025-11-05T10:04:35.820-0600 [DEBUG] [org.gradle.launcher.daemon.server.SynchronizedDispatchConnection] thread 312: received null
2025-11-05T10:04:35.820-0600 [DEBUG] [org.gradle.launcher.daemon.server.DefaultDaemonConnection] thread 312: Received end-of-input from client.
2025-11-05T10:04:35.826-0600 [DEBUG] [org.gradle.launcher.daemon.server.SynchronizedDispatchConnection] thread 311: stopping connection
2025-11-05T10:04:36.097-0600 [DEBUG] [org.gradle.internal.remote.internal.inet.TcpIncomingConnector] Accepted connection from /127.0.0.1:65378 to /127.0.0.1:53359.
2025-11-05T10:04:36.109-0600 [DEBUG] [org.gradle.launcher.daemon.server.SynchronizedDispatchConnection] thread 398: received class org.gradle.launcher.daemon.protocol.Build
2025-11-05T10:04:36.110-0600 [DEBUG] [org.gradle.launcher.daemon.server.DefaultDaemonConnection] thread 398: Received non-IO message from client: Build{id=49024ca4-692e-44f9-9c64-0e3bec06f05b, currentDir=C:\Users\G-Angel\AndroidStudioProjects\ventaTicketsTaxis}
2025-11-05T10:04:36.111-0600 [INFO] [org.gradle.launcher.daemon.server.DefaultIncomingConnectionHandler] Received command: Build{id=49024ca4-692e-44f9-9c64-0e3bec06f05b, currentDir=C:\Users\G-Angel\AndroidStudioProjects\ventaTicketsTaxis}.
2025-11-05T10:04:36.111-0600 [DEBUG] [org.gradle.launcher.daemon.server.DefaultIncomingConnectionHandler] Starting executing command: Build{id=49024ca4-692e-44f9-9c64-0e3bec06f05b, currentDir=C:\Users\G-Angel\AndroidStudioProjects\ventaTicketsTaxis} with connection: socket connection from /127.0.0.1:53359 to /127.0.0.1:65378.
2025-11-05T10:04:36.114-0600 [DEBUG] [org.gradle.launcher.daemon.server.DaemonStateCoordinator] Command execution: started DaemonCommandExecution[command = Build{id=49024ca4-692e-44f9-9c64-0e3bec06f05b, currentDir=C:\Users\G-Angel\AndroidStudioProjects\ventaTicketsTaxis}, connection = DefaultDaemonConnection: socket connection from /127.0.0.1:53359 to /127.0.0.1:65378] after 0.005866666666666667 minutes of idle
2025-11-05T10:04:36.116-0600 [INFO] [org.gradle.launcher.daemon.server.DaemonRegistryUpdater] Marking the daemon as busy, address: [3427d0e8-477b-48e7-aded-91d015581548 port:53359, addresses:[localhost/127.0.0.1]]
2025-11-05T10:04:36.116-0600 [DEBUG] [org.gradle.launcher.daemon.registry.PersistentDaemonRegistry] Marking busy by address: [3427d0e8-477b-48e7-aded-91d015581548 port:53359, addresses:[localhost/127.0.0.1]]
2025-11-05T10:04:36.119-0600 [DEBUG] [org.gradle.cache.internal.DefaultFileLockManager] Waiting to acquire exclusive lock on daemon addresses registry.
2025-11-05T10:04:36.120-0600 [DEBUG] [org.gradle.cache.internal.DefaultFileLockManager] Lock acquired on daemon addresses registry.
2025-11-05T10:04:36.121-0600 [DEBUG] [org.gradle.cache.internal.DefaultFileLockManager] Releasing lock on daemon addresses registry.
2025-11-05T10:04:36.122-0600 [DEBUG] [org.gradle.launcher.daemon.server.Daemon] stop() called on daemon
2025-11-05T10:04:36.122-0600 [DEBUG] [org.gradle.launcher.daemon.server.exec.CleanUpVirtualFileSystemAfterBuild] Cleaning virtual file system after build finished
2025-11-05T10:04:36.122-0600 [WARN] [org.gradle.launcher.daemon.server.DefaultIncomingConnectionHandler] Unable to execute command Build{id=49024ca4-692e-44f9-9c64-0e3bec06f05b, currentDir=C:\Users\G-Angel\AndroidStudioProjects\ventaTicketsTaxis} from socket connection from /127.0.0.1:53359 to /127.0.0.1:65378. Dispatching the failure to the daemon client
java.lang.RuntimeException: Failed to release lock on daemon addresses registry
	at org.gradle.cache.internal.DefaultFileLockManager$DefaultFileLock.lambda$close$0(DefaultFileLockManager.java:281)
	at org.gradle.internal.concurrent.CompositeStoppable.stop(CompositeStoppable.java:114)
	at org.gradle.cache.internal.DefaultFileLockManager$DefaultFileLock.close(DefaultFileLockManager.java:296)
	at org.gradle.cache.internal.OnDemandFileAccess.updateFile(OnDemandFileAccess.java:55)
	at org.gradle.cache.internal.FileBackedObjectHolder.update(FileBackedObjectHolder.java:77)
	at org.gradle.cache.internal.FileIntegrityViolationSuppressingObjectHolderDecorator.lambda$update$0(FileIntegrityViolationSuppressingObjectHolderDecorator.java:48)
	at org.gradle.cache.internal.FileIntegrityViolationSuppressingObjectHolderDecorator.doUpdate(FileIntegrityViolationSuppressingObjectHolderDecorator.java:58)
	at org.gradle.cache.internal.FileIntegrityViolationSuppressingObjectHolderDecorator.update(FileIntegrityViolationSuppressingObjectHolderDecorator.java:48)
	at org.gradle.launcher.daemon.registry.PersistentDaemonRegistry.markState(PersistentDaemonRegistry.java:153)
	at org.gradle.launcher.daemon.server.DaemonRegistryUpdater.onStartActivity(DaemonRegistryUpdater.java:52)
	at org.gradle.launcher.daemon.server.Daemon$2.run(Daemon.java:143)
	at org.gradle.launcher.daemon.server.DaemonStateCoordinator.onStartCommand(DaemonStateCoordinator.java:405)
	at org.gradle.launcher.daemon.server.DaemonStateCoordinator.runCommand(DaemonStateCoordinator.java:317)
	at org.gradle.launcher.daemon.server.exec.StartBuildOrRespondWithBusy.doBuild(StartBuildOrRespondWithBusy.java:56)
	at org.gradle.launcher.daemon.server.exec.BuildCommandOnly.execute(BuildCommandOnly.java:37)
	at org.gradle.launcher.daemon.server.api.DaemonCommandExecution.proceed(DaemonCommandExecution.java:104)
	at org.gradle.launcher.daemon.server.exec.ReturnResult.execute(ReturnResult.java:36)
	at org.gradle.launcher.daemon.server.api.DaemonCommandExecution.proceed(DaemonCommandExecution.java:104)
	at org.gradle.launcher.daemon.server.exec.CleanUpVirtualFileSystemAfterBuild.doBuild(CleanUpVirtualFileSystemAfterBuild.java:58)
	at org.gradle.launcher.daemon.server.exec.BuildCommandOnly.execute(BuildCommandOnly.java:37)
	at org.gradle.launcher.daemon.server.api.DaemonCommandExecution.proceed(DaemonCommandExecution.java:104)
	at org.gradle.launcher.daemon.server.api.HandleReportStatus.execute(HandleReportStatus.java:35)
	at org.gradle.launcher.daemon.server.api.DaemonCommandExecution.proceed(DaemonCommandExecution.java:104)
	at org.gradle.launcher.daemon.server.exec.HandleCancel.execute(HandleCancel.java:39)
	at org.gradle.launcher.daemon.server.api.DaemonCommandExecution.proceed(DaemonCommandExecution.java:104)
	at org.gradle.launcher.daemon.server.api.HandleInvalidateVirtualFileSystem.execute(HandleInvalidateVirtualFileSystem.java:46)
	at org.gradle.launcher.daemon.server.api.DaemonCommandExecution.proceed(DaemonCommandExecution.java:104)
	at org.gradle.launcher.daemon.server.api.HandleStop.execute(HandleStop.java:46)
	at org.gradle.launcher.daemon.server.api.DaemonCommandExecution.proceed(DaemonCommandExecution.java:104)
	at org.gradle.launcher.daemon.server.exec.DaemonCommandExecuter.executeCommand(DaemonCommandExecuter.java:55)
	at org.gradle.launcher.daemon.server.DefaultIncomingConnectionHandler$ConnectionWorker.handleCommand(DefaultIncomingConnectionHandler.java:161)
	at org.gradle.launcher.daemon.server.DefaultIncomingConnectionHandler$ConnectionWorker.receiveAndHandleCommand(DefaultIncomingConnectionHandler.java:134)
	at org.gradle.launcher.daemon.server.DefaultIncomingConnectionHandler$ConnectionWorker.run(DefaultIncomingConnectionHandler.java:122)
	at org.gradle.internal.concurrent.ExecutorPolicy$CatchAndRecordFailures.onExecute(ExecutorPolicy.java:64)
	at org.gradle.internal.concurrent.AbstractManagedExecutor$1.run(AbstractManagedExecutor.java:48)
	at java.base/java.util.concurrent.ThreadPoolExecutor.runWorker(Unknown Source)
	at java.base/java.util.concurrent.ThreadPoolExecutor$Worker.run(Unknown Source)
	at java.base/java.lang.Thread.run(Unknown Source)
Caused by: java.io.IOException: La operación solicitada no se puede realizar en un archivo con una sección asignada a usuario abierta
	at java.base/java.io.RandomAccessFile.setLength0(Native Method)
	at java.base/java.io.RandomAccessFile.setLength(Unknown Source)
	at org.gradle.cache.internal.filelock.LockInfoAccess.clearLockInfo(LockInfoAccess.java:68)
	at org.gradle.cache.internal.filelock.LockFileAccess.clearLockInfo(LockFileAccess.java:73)
	at org.gradle.cache.internal.DefaultFileLockManager$DefaultFileLock.lambda$close$0(DefaultFileLockManager.java:271)
	... 37 more
2025-11-05T10:04:36.122-0600 [INFO] [org.gradle.launcher.daemon.server.Daemon] Stop requested. Daemon is removing its presence from the registry...
2025-11-05T10:04:36.133-0600 [DEBUG] [org.gradle.launcher.daemon.server.SynchronizedDispatchConnection] thread 311: dispatching Failure[value=java.lang.RuntimeException: Failed to release lock on daemon addresses registry]
2025-11-05T10:04:36.133-0600 [DEBUG] [org.gradle.launcher.daemon.server.DaemonStateCoordinator] Marking daemon stopped due to service stop. The daemon is running a build
2025-11-05T10:04:36.134-0600 [DEBUG] [org.gradle.launcher.daemon.server.DaemonRegistryUpdater] Removing our presence to clients, eg. removing this address from the registry: [3427d0e8-477b-48e7-aded-91d015581548 port:53359, addresses:[localhost/127.0.0.1]]
2025-11-05T10:04:36.134-0600 [DEBUG] [org.gradle.launcher.daemon.registry.PersistentDaemonRegistry] Removing daemon address: [3427d0e8-477b-48e7-aded-91d015581548 port:53359, addresses:[localhost/127.0.0.1]]
2025-11-05T10:04:36.137-0600 [DEBUG] [org.gradle.cache.internal.DefaultFileLockManager] Waiting to acquire exclusive lock on daemon addresses registry.
2025-11-05T10:04:36.137-0600 [DEBUG] [org.gradle.cache.internal.DefaultFileLockManager] Lock acquired on daemon addresses registry.
2025-11-05T10:04:36.138-0600 [DEBUG] [org.gradle.cache.internal.DefaultFileLockManager] Releasing lock on daemon addresses registry.
2025-11-05T10:04:36.175-0600 [DEBUG] [org.gradle.launcher.daemon.server.DefaultIncomingConnectionHandler] Finishing executing command: Build{id=49024ca4-692e-44f9-9c64-0e3bec06f05b, currentDir=C:\Users\G-Angel\AndroidStudioProjects\ventaTicketsTaxis}
2025-11-05T10:04:36.369-0600 [DEBUG] [org.gradle.launcher.daemon.server.SynchronizedDispatchConnection] thread 398: received class org.gradle.launcher.daemon.protocol.Finished
2025-11-05T10:04:36.370-0600 [DEBUG] [org.gradle.launcher.daemon.server.DefaultDaemonConnection] thread 398: Received non-IO message from client: org.gradle.launcher.daemon.protocol.Finished@595b520e
2025-11-05T10:04:36.370-0600 [DEBUG] [org.gradle.launcher.daemon.server.DefaultIncomingConnectionHandler] Received finished message: org.gradle.launcher.daemon.protocol.Finished@595b520e
2025-11-05T10:04:36.370-0600 [DEBUG] [org.gradle.launcher.daemon.server.SynchronizedDispatchConnection] thread 311: stopping connection
2025-11-05T10:04:36.370-0600 [DEBUG] [org.gradle.internal.remote.internal.inet.SocketConnection] Discarding EOFException: java.io.EOFException
2025-11-05T10:04:36.371-0600 [DEBUG] [org.gradle.launcher.daemon.server.SynchronizedDispatchConnection] thread 398: received null
2025-11-05T10:04:36.371-0600 [DEBUG] [org.gradle.launcher.daemon.server.DefaultDaemonConnection] thread 398: Received end-of-input from client.
2025-11-05T10:04:36.371-0600 [DEBUG] [org.gradle.launcher.daemon.server.SynchronizedDispatchConnection] thread 311: stopping connection
2025-11-05T10:04:36.446-0600 [DEBUG] [org.gradle.cache.internal.DefaultCacheCleanupExecutor] jars (C:\Users\G-Angel\AndroidStudioProjects\ventaTicketsTaxis\app\src\main\caches\jars-9) has last been fully cleaned up 16 hours ago
2025-11-05T10:04:36.447-0600 [DEBUG] [org.gradle.cache.internal.DefaultCacheCleanupExecutor] Skipping cleanup for jars (C:\Users\G-Angel\AndroidStudioProjects\ventaTicketsTaxis\app\src\main\caches\jars-9) as it is not yet due
2025-11-05T10:04:36.449-0600 [DEBUG] [org.gradle.cache.internal.DefaultCacheCoordinator] Cache jars (C:\Users\G-Angel\AndroidStudioProjects\ventaTicketsTaxis\app\src\main\caches\jars-9) was closed 0 times.
2025-11-05T10:04:36.451-0600 [DEBUG] [org.gradle.cache.internal.LockOnDemandCrossProcessCacheAccess] Releasing file lock for file content cache (C:\Users\G-Angel\AndroidStudioProjects\ventaTicketsTaxis\app\src\main\caches\8.11.1\fileContent)
2025-11-05T10:04:36.452-0600 [DEBUG] [org.gradle.cache.internal.DefaultFileLockManager] Releasing lock on file content cache (C:\Users\G-Angel\AndroidStudioProjects\ventaTicketsTaxis\app\src\main\caches\8.11.1\fileContent).
2025-11-05T10:04:36.455-0600 [DEBUG] [org.gradle.internal.watch.vfs.impl.WatchingVirtualFileSystem] Closing VFS, dropping state
2025-11-05T10:04:36.464-0600 [DEBUG] [org.gradle.internal.watch.registry.impl.DefaultFileWatcherRegistry] Finished listening to file system change events
2025-11-05T10:04:36.464-0600 [DEBUG] [org.gradle.cache.internal.LockOnDemandCrossProcessCacheAccess] Releasing file lock for Generated Gradle JARs cache (C:\Users\G-Angel\AndroidStudioProjects\ventaTicketsTaxis\app\src\main\caches\8.11.1\generated-gradle-jars)
2025-11-05T10:04:36.466-0600 [DEBUG] [org.gradle.cache.internal.DefaultFileLockManager] Releasing lock on Generated Gradle JARs cache (C:\Users\G-Angel\AndroidStudioProjects\ventaTicketsTaxis\app\src\main\caches\8.11.1\generated-gradle-jars).
2025-11-05T10:04:36.470-0600 [DEBUG] [org.gradle.cache.internal.LockOnDemandCrossProcessCacheAccess] Releasing file lock for artifact cache (C:\Users\G-Angel\AndroidStudioProjects\ventaTicketsTaxis\app\src\main\caches\modules-2)
2025-11-05T10:04:36.470-0600 [DEBUG] [org.gradle.cache.internal.btree.BTreePersistentIndexedCache] Closing cache module-artifact.bin (C:\Users\G-Angel\AndroidStudioProjects\ventaTicketsTaxis\app\src\main\caches\modules-2\metadata-2.107\module-artifact.bin)
2025-11-05T10:04:36.471-0600 [DEBUG] [org.gradle.cache.internal.btree.BTreePersistentIndexedCache] Closing cache module-metadata.bin (C:\Users\G-Angel\AndroidStudioProjects\ventaTicketsTaxis\app\src\main\caches\modules-2\metadata-2.107\module-metadata.bin)
2025-11-05T10:04:36.472-0600 [DEBUG] [org.gradle.cache.internal.DefaultFileLockManager] Releasing lock on artifact cache (C:\Users\G-Angel\AndroidStudioProjects\ventaTicketsTaxis\app\src\main\caches\modules-2).
2025-11-05T10:04:36.479-0600 [DEBUG] [org.gradle.cache.internal.DefaultCacheCleanupExecutor] artifact cache (C:\Users\G-Angel\AndroidStudioProjects\ventaTicketsTaxis\app\src\main\caches\modules-2) has last been fully cleaned up 16 hours ago
2025-11-05T10:04:36.482-0600 [DEBUG] [org.gradle.cache.internal.DefaultCacheCleanupExecutor] Skipping cleanup for artifact cache (C:\Users\G-Angel\AndroidStudioProjects\ventaTicketsTaxis\app\src\main\caches\modules-2) as it is not yet due
2025-11-05T10:04:36.487-0600 [DEBUG] [org.gradle.cache.internal.DefaultCacheCleanupExecutor] groovy-dsl (C:\Users\G-Angel\AndroidStudioProjects\ventaTicketsTaxis\app\src\main\caches\8.11.1\groovy-dsl) has last been fully cleaned up 16 hours ago
2025-11-05T10:04:36.488-0600 [DEBUG] [org.gradle.cache.internal.DefaultCacheCleanupExecutor] Skipping cleanup for groovy-dsl (C:\Users\G-Angel\AndroidStudioProjects\ventaTicketsTaxis\app\src\main\caches\8.11.1\groovy-dsl) as it is not yet due
2025-11-05T10:04:36.488-0600 [DEBUG] [org.gradle.cache.internal.DefaultCacheCoordinator] Cache groovy-dsl (C:\Users\G-Angel\AndroidStudioProjects\ventaTicketsTaxis\app\src\main\caches\8.11.1\groovy-dsl) was closed 0 times.
2025-11-05T10:04:36.492-0600 [DEBUG] [org.gradle.cache.internal.DefaultCacheCleanupExecutor] Artifact transforms cache (C:\Users\G-Angel\AndroidStudioProjects\ventaTicketsTaxis\app\src\main\caches\8.11.1\transforms) has last been fully cleaned up 16 hours ago
2025-11-05T10:04:36.494-0600 [DEBUG] [org.gradle.cache.internal.DefaultCacheCleanupExecutor] Skipping cleanup for Artifact transforms cache (C:\Users\G-Angel\AndroidStudioProjects\ventaTicketsTaxis\app\src\main\caches\8.11.1\transforms) as it is not yet due
2025-11-05T10:04:36.494-0600 [DEBUG] [org.gradle.cache.internal.DefaultCacheCoordinator] Cache Artifact transforms cache (C:\Users\G-Angel\AndroidStudioProjects\ventaTicketsTaxis\app\src\main\caches\8.11.1\transforms) was closed 0 times.
2025-11-05T10:04:36.497-0600 [DEBUG] [org.gradle.cache.internal.DefaultCacheCleanupExecutor] kotlin-dsl (C:\Users\G-Angel\AndroidStudioProjects\ventaTicketsTaxis\app\src\main\caches\8.11.1\kotlin-dsl) has last been fully cleaned up 16 hours ago
2025-11-05T10:04:36.499-0600 [DEBUG] [org.gradle.cache.internal.DefaultCacheCleanupExecutor] Skipping cleanup for kotlin-dsl (C:\Users\G-Angel\AndroidStudioProjects\ventaTicketsTaxis\app\src\main\caches\8.11.1\kotlin-dsl) as it is not yet due
2025-11-05T10:04:36.499-0600 [DEBUG] [org.gradle.cache.internal.DefaultCacheCoordinator] Cache kotlin-dsl (C:\Users\G-Angel\AndroidStudioProjects\ventaTicketsTaxis\app\src\main\caches\8.11.1\kotlin-dsl) was closed 0 times.
2025-11-05T10:04:36.501-0600 [DEBUG] [org.gradle.cache.internal.LockOnDemandCrossProcessCacheAccess] Releasing file lock for journal cache (C:\Users\G-Angel\AndroidStudioProjects\ventaTicketsTaxis\app\src\main\caches\journal-1)
2025-11-05T10:04:36.502-0600 [DEBUG] [org.gradle.cache.internal.btree.BTreePersistentIndexedCache] Closing cache file-access.bin (C:\Users\G-Angel\AndroidStudioProjects\ventaTicketsTaxis\app\src\main\caches\journal-1\file-access.bin)
2025-11-05T10:04:36.504-0600 [DEBUG] [org.gradle.cache.internal.DefaultFileLockManager] Releasing lock on journal cache (C:\Users\G-Angel\AndroidStudioProjects\ventaTicketsTaxis\app\src\main\caches\journal-1).
2025-11-05T10:04:36.506-0600 [DEBUG] [org.gradle.cache.internal.LockOnDemandCrossProcessCacheAccess] Releasing file lock for file hash cache (C:\Users\G-Angel\AndroidStudioProjects\ventaTicketsTaxis\app\src\main\caches\8.11.1\fileHashes)
2025-11-05T10:04:36.507-0600 [DEBUG] [org.gradle.cache.internal.btree.BTreePersistentIndexedCache] Closing cache fileHashes.bin (C:\Users\G-Angel\AndroidStudioProjects\ventaTicketsTaxis\app\src\main\caches\8.11.1\fileHashes\fileHashes.bin)
2025-11-05T10:04:36.509-0600 [DEBUG] [org.gradle.cache.internal.btree.BTreePersistentIndexedCache] Closing cache resourceHashesCache.bin (C:\Users\G-Angel\AndroidStudioProjects\ventaTicketsTaxis\app\src\main\caches\8.11.1\fileHashes\resourceHashesCache.bin)
2025-11-05T10:04:36.511-0600 [DEBUG] [org.gradle.cache.internal.DefaultFileLockManager] Releasing lock on file hash cache (C:\Users\G-Angel\AndroidStudioProjects\ventaTicketsTaxis\app\src\main\caches\8.11.1\fileHashes).
2025-11-05T10:04:36.521-0600 [DEBUG] [org.gradle.internal.operations.DefaultBuildOperationRunner] Build operation 'Deleting unused version-specific caches in C:\Users\G-Angel\AndroidStudioProjects\ventaTicketsTaxis\app\src\main\caches' started
2025-11-05T10:04:36.529-0600 [DEBUG] [org.gradle.internal.operations.DefaultBuildOperationRunner] Completing Build operation 'Deleting unused version-specific caches in C:\Users\G-Angel\AndroidStudioProjects\ventaTicketsTaxis\app\src\main\caches'
2025-11-05T10:04:36.530-0600 [DEBUG] [org.gradle.internal.operations.DefaultBuildOperationRunner] Build operation 'Deleting unused version-specific caches in C:\Users\G-Angel\AndroidStudioProjects\ventaTicketsTaxis\app\src\main\caches' completed
2025-11-05T10:04:36.533-0600 [DEBUG] [org.gradle.launcher.daemon.server.Daemon] stop() called on daemon
2025-11-05T10:04:36.534-0600 [INFO] [org.gradle.launcher.daemon.server.Daemon] Stop requested. Daemon is removing its presence from the registry...
2025-11-05T10:04:36.535-0600 [DEBUG] [org.gradle.launcher.daemon.server.DaemonRegistryUpdater] Removing our presence to clients, eg. removing this address from the registry: [3427d0e8-477b-48e7-aded-91d015581548 port:53359, addresses:[localhost/127.0.0.1]]
2025-11-05T10:04:36.535-0600 [DEBUG] [org.gradle.launcher.daemon.registry.PersistentDaemonRegistry] Removing daemon address: [3427d0e8-477b-48e7-aded-91d015581548 port:53359, addresses:[localhost/127.0.0.1]]
2025-11-05T10:04:36.538-0600 [DEBUG] [org.gradle.cache.internal.DefaultFileLockManager] Waiting to acquire exclusive lock on daemon addresses registry.
2025-11-05T10:04:36.540-0600 [DEBUG] [org.gradle.cache.internal.DefaultFileLockManager] Lock acquired on daemon addresses registry.
2025-11-05T10:04:36.541-0600 [DEBUG] [org.gradle.cache.internal.DefaultFileLockManager] Releasing lock on daemon addresses registry.
2025-11-05T10:04:36.553-0600 [DEBUG] [org.gradle.cache.internal.locklistener.DefaultFileLockContentionHandler] File lock listener thread completed.
2025-11-05T10:04:36.603-0600 [DEBUG] [java.lang.Runtime] Runtime.exit() called with status: 1
java.lang.Throwable: Runtime.exit(1)
	at java.base/java.lang.Shutdown.logRuntimeExit(Unknown Source)
	at java.base/java.lang.Shutdown.exit(Unknown Source)
	at java.base/java.lang.Runtime.exit(Unknown Source)
	at java.base/java.lang.System.exit(Unknown Source)
	at org.gradle.launcher.bootstrap.ProcessCompleter.completeWithFailure(ProcessCompleter.java:26)
	at org.gradle.launcher.bootstrap.EntryPoint.run(EntryPoint.java:63)
	at java.base/jdk.internal.reflect.DirectMethodHandleAccessor.invoke(Unknown Source)
	at java.base/java.lang.reflect.Method.invoke(Unknown Source)
	at org.gradle.launcher.bootstrap.ProcessBootstrap.runNoExit(ProcessBootstrap.java:72)
	at org.gradle.launcher.bootstrap.ProcessBootstrap.run(ProcessBootstrap.java:39)
	at org.gradle.launcher.daemon.bootstrap.GradleDaemon.main(GradleDaemon.java:22)
Daemon vm is shutting down... The daemon has exited normally or was terminated in response to a user interrupt.
2025-11-05T10:04:36.605-0600 [DEBUG] [org.gradle.launcher.daemon.registry.PersistentDaemonRegistry] Removing daemon address: [3427d0e8-477b-48e7-aded-91d015581548 port:53359, addresses:[localhost/127.0.0.1]]
2025-11-05T10:04:36.607-0600 [DEBUG] [org.gradle.launcher.daemon.server.Daemon] VM shutdown hook was unable to remove the daemon address from the registry. It will be cleaned up later.
java.lang.IllegalStateException: Cannot start managing file contention because this handler has been closed.
	at org.gradle.cache.internal.locklistener.DefaultFileLockContentionHandler.assertNotStopped(DefaultFileLockContentionHandler.java:217)
	at org.gradle.cache.internal.locklistener.DefaultFileLockContentionHandler.getCommunicator(DefaultFileLockContentionHandler.java:260)
	at org.gradle.cache.internal.locklistener.DefaultFileLockContentionHandler.reservePort(DefaultFileLockContentionHandler.java:254)
	at org.gradle.cache.internal.DefaultFileLockManager.lock(DefaultFileLockManager.java:124)
	at org.gradle.cache.internal.DefaultFileLockManager.lock(DefaultFileLockManager.java:106)
	at org.gradle.cache.internal.DefaultFileLockManager.lock(DefaultFileLockManager.java:101)
	at org.gradle.cache.internal.OnDemandFileAccess.updateFile(OnDemandFileAccess.java:51)
	at org.gradle.cache.internal.FileBackedObjectHolder.update(FileBackedObjectHolder.java:77)
	at org.gradle.cache.internal.FileIntegrityViolationSuppressingObjectHolderDecorator.lambda$update$0(FileIntegrityViolationSuppressingObjectHolderDecorator.java:48)
	at org.gradle.cache.internal.FileIntegrityViolationSuppressingObjectHolderDecorator.doUpdate(FileIntegrityViolationSuppressingObjectHolderDecorator.java:58)
	at org.gradle.cache.internal.FileIntegrityViolationSuppressingObjectHolderDecorator.update(FileIntegrityViolationSuppressingObjectHolderDecorator.java:48)
	at org.gradle.launcher.daemon.registry.PersistentDaemonRegistry.remove(PersistentDaemonRegistry.java:133)
	at org.gradle.launcher.daemon.server.Daemon$1.run(Daemon.java:133)
	at java.base/java.lang.Thread.run(Unknown Source)
